216	1.2	1
-2.879793	1.440580	2.260026
2.380392	2.500101	-0.120466
lig.job501351.bl.pdb	17.284	22.131	-4.640
rec.job501351.bl.pdb	98.825	-25.125	34.698
-0.785398	2.104282	-0.813972	26	211	188	2280.096
1.570796	0.961715	0.014085	11	25	202	2015.517
-2.094395	2.251330	-2.330739	206	4	178	1907.544
0.785398	1.433411	-1.035986	15	31	207	1899.906
0.261799	2.588535	-2.976617	3	37	208	1833.521
1.570796	2.404280	-0.174044	33	5	190	1814.939
0.523599	1.977582	0.969896	12	12	24	1808.610
-2.356194	0.571433	-1.188419	18	33	207	1799.004
2.879793	1.836682	-0.676006	40	15	210	1791.238
-0.261799	2.760637	2.781135	5	36	211	1790.922
0.785398	1.732874	-0.951685	16	29	206	1788.508
0.785398	1.134497	-1.109631	14	32	206	1784.582
2.617994	1.050534	3.042579	37	0	208	1782.103
0.523599	2.343981	-1.040456	32	208	193	1779.052
0.000000	1.732874	-0.951685	0	26	204	1770.053
1.047198	1.872854	1.543456	1	10	27	1769.089
-2.356194	1.555207	1.708892	11	17	25	1768.760
-2.094395	0.571433	-1.188419	11	35	207	1764.172
-2.356194	2.251330	-2.330739	205	7	178	1759.762
1.832596	1.699788	2.452890	34	4	189	1747.461
-2.879793	1.736875	3.023612	6	32	196	1730.873
-0.261799	2.724429	-0.348782	32	3	214	1725.561
-0.523599	1.242974	-2.977882	23	207	22	1719.978
-1.832596	1.325504	-1.671296	9	35	4	1716.190
-0.523599	1.766067	2.153843	24	199	191	1714.602
-1.570796	0.618092	2.539118	31	213	5	1711.384
-1.832596	0.899350	-2.069907	197	10	22	1703.705
0.000000	1.875281	0.107086	30	6	9	1703.170
2.617994	0.379747	-1.713059	203	215	215	1702.986
-2.879793	0.864993	2.278281	1	29	205	1702.324
-1.832596	1.875281	0.107086	5	30	195	1692.121
-0.785398	1.510910	-0.740472	22	204	193	1691.405
-0.261799	1.440580	2.260026	31	203	199	1689.512
-1.570796	2.587733	0.232235	12	31	198	1687.785
-0.261799	2.187132	-0.479875	32	3	207	1687.007
1.570796	2.343981	-1.040456	9	18	203	1686.858
-0.523599	2.187132	-0.479875	29	211	207	1685.775
2.356194	1.374601	-2.456031	13	0	181	1685.582
-2.356194	1.872854	1.543456	0	20	27	1680.886
-0.785398	1.433411	-1.035986	17	206	186	1676.058
-2.094395	0.850607	-1.335383	14	34	211	1674.234
-2.617994	1.662363	0.915448	206	12	26	1668.762
2.356194	1.909857	-0.381669	212	9	18	1668.011
-0.785398	2.863997	0.549740	9	32	200	1667.447
-1.570796	2.724429	-0.348782	10	35	201	1666.621
-1.047198	1.448123	-2.163292	203	14	35	1664.712
1.047198	1.134497	-1.109631	10	34	205	1661.830
-1.047198	1.756530	-2.105156	10	29	215	1661.512
-1.308997	1.135834	-1.431087	210	0	179	1659.342
-0.261799	1.506530	1.988858	28	204	189	1658.932
0.000000	1.766067	2.153843	35	207	194	1653.917
-3.141593	2.251330	-2.330739	27	11	18	1653.193
-1.308997	0.850607	-1.335383	204	213	182	1652.760
-1.047198	2.343981	-1.040456	28	214	200	1649.500
-1.570796	0.685216	-1.712745	15	31	210	1648.756
-1.308997	2.456751	-1.503343	184	0	195	1648.028
-1.047198	1.325504	-1.671296	213	0	177	1646.167
2.094395	0.640596	-2.797608	25	210	195	1641.574
-1.570796	1.050534	3.042579	26	10	19	1641.081
-1.047198	2.719179	-1.780644	1	29	206	1641.068
-2.094395	1.699788	2.452890	6	200	201	1639.241
1.832596	1.168678	2.108595	40	1	213	1638.130
-2.879793	1.391910	3.030322	4	36	200	1636.138
-0.785398	1.413347	-1.339188	10	210	181	1635.977
1.308997	0.961715	0.014085	4	23	201	1634.450
-0.523599	0.458961	-0.107937	2	33	208	1633.793
2.356194	0.929350	-2.910676	209	14	36	1633.714
-1.832596	0.850607	-1.335383	8	36	211	1633.520
1.308997	2.637879	2.121598	21	22	18	1630.674
-0.261799	0.571433	-1.188419	4	8	32	1629.617
0.000000	2.089241	-0.114193	32	5	1	1629.552
2.356194	1.545873	-1.877082	206	212	207	1628.226
2.356194	2.349581	-2.702517	10	13	26	1627.031
1.570796	1.218453	2.777284	39	3	214	1625.998
-1.047198	2.396274	-1.959260	21	19	188	1625.984
1.570796	1.214854	-1.966664	33	1	198	1625.151
-0.261799	1.617114	-1.572037	191	213	195	1625.140
0.785398	1.194549	-0.801900	14	32	212	1623.574
-0.785398	1.617114	-1.572037	8	213	180	1622.676
-2.617994	0.910508	1.903534	25	1	15	1621.774
0.000000	0.419640	2.974122	179	7	207	1621.664
0.261799	2.115563	0.685730	20	7	20	1620.387
-3.141593	0.618092	2.539118	2	31	207	1620.283
-2.879793	1.766067	2.153843	207	10	25	1618.801
-2.617994	1.218453	2.777284	213	24	212	1618.257
1.047198	2.478122	2.609777	12	33	205	1615.107
-0.785398	2.704512	1.488683	16	28	200	1613.277
0.785398	1.555207	1.708892	25	209	185	1613.135
-2.879793	2.164094	-2.991358	214	33	210	1610.939
1.308997	1.113094	-0.272241	4	17	198	1610.904
0.523599	2.664082	-1.071402	28	213	184	1610.764
-0.785398	1.569311	-3.003978	5	28	213	1610.746
-1.047198	0.709924	0.218797	8	31	211	1608.980
1.308997	1.256302	0.062705	1	24	201	1608.385
2.356194	1.413347	-1.339188	27	11	24	1606.906
-1.047198	2.664082	-1.071402	31	1	204	1605.992
2.617994	1.045978	0.343692	0	13	181	1604.333
1.570796	2.174483	2.653697	25	2	179	1604.118
0.261799	1.812176	0.656819	18	6	173	1604.058
-2.356194	1.335669	0.897240	7	35	2	1603.074
-1.308997	1.812176	0.656819	5	31	206	1600.086
-2.879793	0.906588	1.252948	193	19	10	1599.489
-0.785398	1.325504	-1.671296	0	215	178	1599.408
-0.261799	2.115563	0.685730	18	212	20	1596.256
1.047198	0.960688	-0.577532	10	34	214	1595.098
2.356194	2.104282	-0.813972	36	6	215	1594.700
-0.785398	0.379747	-1.713059	8	24	31	1593.027
-1.047198	2.592629	0.909713	8	32	199	1592.828
0.000000	0.910508	1.903534	213	25	207	1591.949
-2.094395	1.025536	1.576859	180	10	5	1591.863
-2.356194	1.413430	2.550734	209	24	209	1590.920
-2.617994	0.831641	0.616218	15	28	10	1590.918
-0.785398	1.909857	-0.381669	6	4	215	1588.835
1.047198	2.174483	2.653697	12	32	208	1588.827
-2.094395	1.872854	1.543456	213	20	27	1587.618
-1.832596	1.413430	2.550734	8	0	179	1587.120
-0.785398	1.732874	-0.951685	22	208	192	1585.913
-3.141593	2.724429	-0.348782	179	13	209	1585.255
-2.356194	1.247695	1.809890	19	13	21	1583.044
0.785398	1.413347	-1.339188	14	33	204	1581.602
2.879793	1.391910	3.030322	17	37	190	1577.533
-0.785398	2.153910	-1.714959	6	30	215	1574.927
-2.356194	1.699788	2.452890	210	23	206	1574.898
-0.785398	1.214854	-1.966664	207	4	177	1573.439
2.879793	1.433411	-1.035986	11	25	204	1572.256
0.785398	2.478122	2.609777	13	31	205	1571.267
2.356194	1.870545	-2.976234	9	187	195	1569.817
0.785398	1.696674	-1.253233	12	31	204	1569.113
1.832596	1.869911	2.701025	29	7	182	1568.674
-1.570796	0.850607	-1.335383	9	34	207	1567.965
1.832596	2.404280	-0.174044	13	32	204	1566.133
-2.617994	0.290380	-0.796960	15	31	204	1565.514
1.832596	2.089241	-0.114193	15	34	210	1565.463
1.832596	1.440580	2.260026	39	3	201	1565.015
-1.832596	1.195355	1.200319	11	3	27	1564.838
-2.356194	1.504028	0.636812	204	1	175	1562.999
-0.785398	1.982574	-1.115518	24	215	189	1562.640
1.570796	0.762244	-0.273349	5	18	200	1562.267
-2.094395	0.700570	1.559208	184	8	14	1562.032
2.356194	2.863997	0.549740	8	24	200	1561.797
-2.356194	0.906588	1.252948	17	213	26	1561.109
2.879793	2.299159	2.264663	22	26	196	1560.095
-2.094395	0.906588	1.252948	17	214	22	1559.623
2.356194	0.709924	0.218797	13	188	208	1556.381
0.523599	2.863997	0.549740	212	191	9	1556.026
-3.141593	1.510910	-0.740472	36	23	2	1554.269
0.785398	0.960688	-0.577532	11	33	215	1553.369
0.261799	2.174483	2.653697	13	29	202	1553.284
0.000000	2.407836	1.410646	208	17	202	1552.318
0.785398	1.510910	-0.740472	16	33	212	1550.004
-3.141593	0.914445	2.687814	34	3	7	1549.968
1.308997	2.073035	2.027405	201	204	210	1549.747
1.047198	1.433411	-1.035986	12	31	205	1549.706
-3.141593	1.766067	2.153843	208	9	24	1547.423
-0.261799	1.606104	-0.451151	0	26	202	1546.981
-1.832596	2.404280	-0.174044	31	214	195	1546.725
1.570796	1.134796	2.434290	212	209	174	1546.162
-1.832596	1.909857	-0.381669	4	34	203	1545.883
-1.047198	2.041297	-2.664597	4	22	21	1545.328
2.617994	1.242974	-2.977882	36	2	198	1544.495
-1.308997	0.203748	0.590255	11	33	207	1543.652
-0.523599	1.741644	-2.695914	14	201	16	1542.462
-0.261799	2.001437	0.381215	24	213	15	1541.198
1.570796	0.615174	-0.666022	20	214	182	1541.166
-3.141593	2.393226	1.857173	15	32	201	1538.168
-0.785398	0.370812	-2.547742	13	31	209	1537.328
-2.879793	0.618092	2.539118	213	28	209	1536.383
-2.617994	0.914445	2.687814	198	9	30	1536.293
2.617994	1.982574	-1.115518	213	8	180	1536.037
1.832596	1.134796	2.434290	38	6	4	1535.840
1.832596	0.458961	-0.107937	4	24	204	1534.081
-2.617994	2.349581	-2.702517	5	182	198	1533.485
-1.832596	1.998705	2.370472	182	203	187	1533.062
-2.356194	2.108018	1.311430	206	22	25	1532.852
-2.094395	1.506530	1.988858	212	33	26	1531.719
-1.308997	2.478122	2.609777	198	8	25	1529.852
-2.094395	0.910508	1.903534	22	15	24	1529.775
1.832596	0.866955	-0.931351	15	7	32	1529.743
-3.141593	2.174483	2.653697	17	24	193	1527.484
1.047198	0.709924	0.218797	8	23	203	1526.149
-1.570796	0.733948	3.021411	32	10	11	1525.982
1.570796	1.869911	2.701025	27	215	181	1525.352
-0.523599	2.704512	1.488683	11	31	199	1525.338
-2.617994	2.001437	0.381215	190	17	16	1524.806
-2.094395	2.379497	0.561089	199	4	185	1524.536
0.000000	1.606104	-0.451151	214	27	202	1524.529
-1.047198	1.310100	1.488307	6	23	202	1521.249
1.832596	1.135813	-2.658866	30	9	11	1521.054
1.570796	2.299159	2.264663	10	24	25	1519.996
-1.308997	0.685216	-1.712745	8	35	211	1519.654
-3.141593	1.741644	-2.695914	4	29	189	1519.342
-1.047198	1.617114	-1.572037	5	211	180	1518.820
2.879793	1.812176	0.656819	18	16	176	1517.968
2.879793	2.138223	1.678323	21	32	206	1516.187
0.000000	2.138223	1.678323	210	21	202	1515.738
1.047198	1.998705	2.370472	8	22	28	1514.716
-2.617994	0.591903	2.010408	11	15	30	1514.714
-2.094395	2.456751	-1.503343	21	210	183	1514.565
-0.261799	1.998705	2.370472	207	16	19	1514.188
1.308997	1.045978	0.343692	1	27	205	1513.722
1.308997	0.370812	-2.547742	32	10	7	1513.572
-1.047198	2.063651	-2.044600	9	28	2	1513.121
0.261799	1.242974	-2.977882	2	15	35	1512.774
-1.832596	1.606104	-0.451151	1	35	207	1512.429
-3.141593	0.733948	3.021411	37	10	215	1512.030
-0.785398	1.836682	-0.676006	26	207	191	1511.987
-0.261799	2.404280	-0.174044	35	213	205	1511.265
0.523599	2.115563	0.685730	21	10	20	1510.739
2.617994	1.875281	0.107086	33	8	193	1510.332
2.879793	1.732874	-0.951685	39	17	5	1509.846
0.785398	1.301460	-0.509251	14	34	0	1508.824
2.094395	0.370812	-2.547742	211	29	196	1507.840
-1.570796	1.836682	-0.676006	0	30	201	1507.527
-2.356194	0.700570	1.559208	23	211	15	1507.343
2.617994	1.184361	0.625864	207	12	182	1506.700
0.523599	0.831641	0.616218	7	4	33	1506.366
-1.047198	0.899350	-2.069907	193	0	184	1505.865
-2.879793	1.504028	0.636812	18	34	7	1505.690
-1.832596	0.418037	1.360082	5	30	203	1505.517
-0.261799	2.299159	2.264663	15	27	201	1504.293
-2.094395	0.290380	-0.796960	214	9	34	1504.164
-0.523599	1.904882	-1.478089	0	28	213	1503.607
0.261799	1.662363	0.915448	27	3	179	1503.455
0.261799	1.184361	0.625864	1	199	179	1503.324
-3.141593	2.343981	-1.040456	211	4	178	1503.254
-0.785398	2.455966	-0.641220	31	210	195	1502.690
0.261799	2.001437	0.381215	25	12	16	1502.232
-2.356194	1.025536	1.576859	2	36	209	1501.559
-2.617994	1.025536	1.576859	9	33	209	1501.154
1.047198	1.391910	3.030322	196	22	25	1500.330
-2.879793	1.335669	0.897240	20	34	4	1499.282
-3.141593	0.615174	-0.666022	20	17	184	1498.750
-0.523599	1.982574	-1.115518	24	1	190	1498.334
-2.617994	0.297065	2.160177	0	30	195	1497.907
1.047198	1.413347	-1.339188	8	33	203	1497.773
2.617994	2.138223	1.678323	24	27	207	1497.704
0.000000	2.174483	2.653697	15	29	203	1497.618
1.308997	1.335669	0.897240	33	1	183	1497.566
2.617994	0.866395	-2.492918	20	212	191	1496.603
2.356194	1.732874	-0.951685	34	7	11	1496.392
-1.047198	2.108018	1.311430	9	28	198	1495.249
0.785398	0.379747	-1.713059	7	31	203	1494.287
-2.879793	1.488617	1.159546	21	35	213	1493.611
2.356194	1.135813	-2.658866	20	208	189	1493.560
-0.261799	1.135813	-2.658866	186	197	191	1492.533
-1.570796	2.001437	0.381215	4	28	195	1492.000
-0.261799	0.864993	2.278281	215	27	206	1491.492
0.261799	2.984978	1.954446	13	33	203	1491.318
2.617994	0.419640	2.974122	34	0	7	1491.302
2.356194	2.089241	-0.114193	3	8	18	1491.279
-2.356194	1.574060	2.783565	209	22	206	1491.142
-2.094395	2.579248	-2.364801	0	0	178	1490.770
1.308997	1.662363	0.915448	215	31	186	1490.631
-1.047198	1.374601	-2.456031	211	7	35	1490.605
-0.785398	0.929350	-2.910676	1	23	203	1490.344
-3.141593	2.138223	1.678323	21	33	204	1489.684
2.879793	0.419640	2.974122	0	26	209	1489.631
2.879793	1.909857	-0.381669	39	11	199	1489.176
0.785398	1.809167	1.213774	201	1	6	1488.298
0.785398	0.929350	-2.910676	26	21	191	1486.772
1.570796	0.960688	-0.577532	24	10	26	1486.521
1.047198	2.164094	-2.991358	2	8	29	1485.651
-2.617994	1.812176	0.656819	7	37	3	1484.439
-3.141593	1.134796	2.434290	4	23	199	1484.435
1.570796	1.741644	-2.695914	11	206	184	1484.385
2.879793	1.242974	-2.977882	209	182	1	1484.243
0.523599	2.393226	1.857173	30	10	188	1483.975
0.523599	1.812176	0.656819	16	17	22	1483.862
-1.832596	2.187132	-0.479875	29	7	189	1483.769
-0.523599	2.592629	0.909713	14	8	175	1482.776
-0.523599	2.863997	0.549740	8	34	200	1482.742
-0.785398	2.407836	1.410646	10	30	199	1482.559
0.000000	1.506530	1.988858	34	211	189	1482.520
2.356194	0.850607	-1.335383	208	2	5	1482.300
-1.308997	1.450119	-2.739050	17	24	0	1481.204
-1.832596	1.510910	-0.740472	4	31	202	1480.172
-3.141593	1.606104	-0.451151	37	25	205	1479.245
2.879793	0.571433	-1.188419	31	7	192	1479.018
0.523599	2.637879	2.121598	9	31	200	1478.934
-3.141593	1.699788	2.452890	0	7	26	1478.226
-2.617994	1.869911	2.701025	5	34	201	1478.174
-2.356194	1.948085	-2.363031	200	14	181	1477.967
0.523599	0.864993	2.278281	12	31	209	1475.639
1.832596	2.247462	0.191623	14	209	176	1475.548
2.879793	2.478122	2.609777	17	11	175	1475.354
2.094395	0.864993	2.278281	34	14	14	1475.075
1.308997	0.685216	-1.712745	3	29	214	1474.357
-1.570796	1.869911	2.701025	23	214	186	1474.251
0.523599	2.407836	1.410646	8	30	197	1473.742
-1.308997	0.496451	0.593859	11	33	210	1473.393
2.356194	1.904882	-1.478089	14	18	178	1472.979
-0.523599	0.080730	-2.622036	7	35	211	1472.590
-0.523599	2.180315	-1.357379	22	9	187	1472.006
-2.094395	2.984978	1.954446	212	19	204	1471.447
2.617994	2.187132	-0.479875	36	9	206	1470.955
-2.617994	1.721184	-0.153948	23	32	203	1470.255
2.617994	0.929350	-2.910676	22	203	199	1469.855
2.879793	1.606104	-0.451151	40	15	205	1469.070
0.523599	2.587733	0.232235	36	11	0	1469.055
0.523599	2.033014	2.977192	37	0	204	1468.497
-1.832596	1.134497	-1.109631	5	36	206	1467.844
-2.094395	1.599406	1.426070	3	13	29	1467.628
0.000000	1.836682	-0.676006	212	29	206	1467.561
-0.785398	1.904882	-1.478089	7	31	210	1466.958
-2.879793	0.866955	-0.931351	25	13	188	1466.808
1.832596	0.297065	2.160177	1	192	211	1466.575
-3.141593	0.685216	-1.712745	22	5	31	1466.484
1.570796	0.685216	-1.712745	32	9	189	1466.385
-2.356194	1.135834	-1.431087	22	25	213	1466.004
-1.308997	2.251330	-2.330739	214	29	209	1465.964
1.047198	2.138223	1.678323	203	212	1	1465.678
-2.617994	2.251330	-2.330739	205	11	178	1465.234
0.000000	2.115563	0.685730	19	213	21	1465.204
0.785398	2.174483	2.653697	37	1	210	1464.769
2.356194	1.134497	-1.109631	27	213	189	1464.634
-0.523599	0.910508	1.903534	6	24	206	1463.477
1.832596	2.104282	-0.813972	6	21	204	1463.419
1.832596	1.374601	-2.456031	24	210	186	1462.978
-1.570796	0.899350	-2.069907	10	18	35	1462.364
2.617994	2.295480	1.008277	16	33	208	1461.414
-2.879793	2.592629	0.909713	7	12	213	1461.169
2.617994	0.571433	-1.188419	215	24	32	1460.746
-0.261799	2.664082	-1.071402	29	19	205	1460.675
0.261799	1.766067	2.153843	25	212	185	1460.655
-2.879793	2.073035	2.027405	16	34	200	1460.644
2.617994	0.685216	-1.712745	204	3	1	1460.488
-2.617994	0.929350	-2.910676	210	25	212	1460.214
-2.356194	1.134796	2.434290	211	26	212	1459.857
-3.141593	1.113094	-0.272241	213	31	30	1459.387
-3.141593	2.073035	2.027405	21	31	200	1459.318
1.047198	2.104282	-0.813972	12	32	207	1458.267
2.879793	1.448123	-2.163292	214	35	194	1458.238
-1.308997	1.214854	-1.966664	209	21	35	1458.211
0.261799	2.704512	1.488683	31	11	10	1458.112
1.308997	2.138223	1.678323	2	9	27	1457.993
1.570796	0.709924	0.218797	2	25	205	1457.972
0.785398	2.393226	1.857173	11	34	202	1457.723
-3.141593	1.756530	-2.105156	210	33	187	1457.527
0.523599	0.496451	0.593859	204	11	33	1456.823
1.047198	2.724429	-0.348782	31	214	186	1456.279
-2.094395	1.135834	-1.431087	17	34	213	1456.057
-2.356194	1.195355	1.200319	7	35	213	1455.320
2.879793	1.599406	1.426070	195	14	12	1454.798
1.308997	2.760637	2.781135	2	4	169	1454.628
-3.141593	2.299159	2.264663	16	29	198	1452.589
-2.879793	1.869911	2.701025	10	32	195	1452.219
-1.832596	1.699788	2.452890	17	0	183	1452.137
2.617994	1.135813	-2.658866	33	6	191	1452.006
-0.261799	1.134497	-1.109631	206	9	183	1451.671
0.261799	2.637879	2.121598	10	31	200	1451.648
0.000000	2.001437	0.381215	26	1	16	1451.450
-2.879793	1.683268	0.374177	191	18	18	1450.937
-0.261799	0.370812	-2.547742	33	214	212	1450.810
-1.570796	2.719179	-1.780644	211	189	8	1450.516
0.261799	1.488617	1.159546	34	0	188	1450.275
2.094395	1.214854	-1.966664	4	0	180	1450.135
-2.094395	1.301460	-0.509251	10	37	208	1449.971
-2.617994	1.809167	1.213774	212	21	29	1449.908
2.356194	0.866395	-2.492918	18	207	191	1449.551
-0.523599	1.374601	-2.456031	2	26	215	1449.411
-0.523599	1.025536	1.576859	195	0	21	1448.949
1.047198	1.555207	1.708892	10	21	200	1448.402
-3.141593	0.906588	1.252948	26	28	4	1448.221
0.523599	1.510910	-0.740472	22	29	212	1448.109
0.785398	2.637879	2.121598	10	34	201	1447.863
-3.141593	2.592629	0.909713	8	212	173	1447.308
-1.570796	0.762244	-0.273349	196	10	178	1446.226
0.000000	1.555207	1.708892	38	210	205	1445.840
0.523599	1.488617	1.159546	207	15	0	1445.818
0.000000	1.433411	-1.035986	208	2	185	1445.442
-3.141593	1.824694	1.850876	201	8	21	1445.386
-1.047198	2.299159	2.264663	12	24	204	1444.896
0.785398	1.325504	-1.671296	204	0	31	1444.402
-0.523599	0.899350	-2.069907	182	214	208	1444.192
-2.356194	1.134497	-1.109631	21	23	205	1444.131
-1.832596	1.214854	-1.966664	190	14	17	1443.928
2.879793	0.591903	2.010408	203	14	23	1443.534
-1.832596	2.089241	-0.114193	25	214	187	1443.287
0.785398	1.824694	1.850876	7	24	196	1443.271
1.047198	2.393226	1.857173	196	207	213	1443.146
-2.879793	1.195355	1.200319	20	35	215	1442.518
-0.785398	1.696674	-1.253233	16	211	186	1442.311
-2.356194	1.310100	1.488307	4	35	206	1442.308
-3.141593	0.640596	-2.797608	0	28	215	1442.182
2.094395	1.134497	-1.109631	214	6	6	1442.085
1.308997	2.187132	-0.479875	37	3	197	1440.941
0.523599	2.881233	-2.582574	5	35	215	1440.884
2.356194	0.290380	-0.796960	30	209	18	1440.437
2.356194	1.128190	-2.288622	13	215	183	1440.302
-1.047198	2.180315	-1.357379	23	2	188	1440.088
2.356194	1.696674	-1.253233	28	14	19	1440.042
1.047198	1.736875	3.023612	205	17	29	1439.286
1.832596	1.545873	-1.877082	28	6	188	1439.227
-1.570796	1.488617	1.159546	2	6	29	1438.983
1.308997	0.615174	-0.666022	15	212	181	1438.581
-0.261799	0.733948	3.021411	17	22	31	1438.195
-0.785398	2.247462	0.191623	199	213	176	1437.865
-2.356194	0.379747	-1.713059	34	7	20	1436.857
1.047198	0.496451	0.593859	21	5	14	1436.820
2.617994	1.812176	0.656819	19	12	176	1436.814
-0.261799	1.982574	-1.115518	3	30	208	1436.572
-1.570796	2.404280	-0.174044	32	6	195	1435.726
-2.356194	0.864993	2.278281	3	29	27	1435.083
1.832596	2.187132	-0.479875	9	28	205	1434.998
0.261799	2.863997	0.549740	214	192	4	1434.869
1.047198	1.977582	0.969896	21	16	25	1434.238
2.094395	1.413347	-1.339188	6	28	206	1433.914
2.356194	1.982574	-1.115518	205	0	210	1433.514
-1.308997	2.396274	-1.959260	1	28	206	1433.450
0.523599	1.846342	-1.796954	213	207	26	1433.111
-2.617994	0.379747	-1.713059	4	25	205	1432.711
2.617994	1.872854	1.543456	23	29	0	1432.470
-1.832596	1.545873	-1.877082	3	21	201	1432.224
-1.570796	0.379747	-1.713059	13	32	208	1432.021
-1.308997	1.448123	-2.163292	202	19	35	1432.007
1.047198	2.073035	2.027405	199	214	208	1431.944
2.617994	0.709924	0.218797	14	188	207	1430.186
-1.308997	1.904882	-1.478089	15	1	182	1430.172
0.785398	2.299159	2.264663	35	11	196	1430.001
0.000000	2.984978	1.954446	12	34	206	1429.413
-3.141593	0.850607	-1.335383	32	11	23	1429.083
-1.832596	1.218453	2.777284	1	1	174	1428.936
1.047198	2.299159	2.264663	17	19	25	1427.617
-0.261799	1.875281	0.107086	29	214	9	1427.547
-0.785398	0.458961	-0.107937	14	32	213	1427.141
-0.261799	2.089241	-0.114193	31	215	2	1426.336
-2.094395	0.591903	2.010408	7	20	30	1425.832
1.570796	0.866395	-2.492918	9	31	205	1424.152
0.261799	1.168678	2.108595	210	0	28	1423.993
1.832596	0.615174	-0.666022	10	20	34	1423.598
1.308997	2.478122	2.609777	19	14	25	1423.259
-1.047198	1.766067	2.153843	17	33	203	1423.242
2.094395	0.899350	-2.069907	211	10	37	1422.689
-2.879793	1.050534	3.042579	2	28	211	1422.456
-2.356194	2.104282	-0.813972	31	6	211	1422.340
-0.523599	0.203748	0.590255	30	10	207	1422.199
0.785398	0.297065	2.160177	11	33	210	1421.791
-1.570796	1.977582	0.969896	16	31	201	1421.668
1.832596	2.295480	1.008277	8	4	30	1421.649
-1.832596	1.574060	2.783565	13	214	178	1421.529
1.570796	0.458961	-0.107937	8	25	203	1421.410
1.047198	1.256302	0.062705	4	23	200	1421.125
2.356194	0.674054	1.013609	17	12	32	1421.114
-0.261799	1.909857	-0.381669	32	1	210	1420.893
2.879793	0.866955	-0.931351	39	11	14	1420.769
1.308997	2.299159	2.264663	14	22	25	1420.513
2.356194	2.456751	-1.503343	204	3	2	1420.326
2.094395	1.998705	2.370472	30	6	184	1420.108
-2.879793	0.700570	1.559208	195	13	18	1419.657
-1.570796	0.370812	-2.547742	210	4	28	1418.984
0.261799	0.203748	0.590255	22	212	188	1418.771
-1.832596	1.128190	-2.288622	3	26	205	1418.748
2.617994	2.115563	0.685730	9	8	167	1418.706
-1.308997	0.992645	-1.723759	199	211	182	1418.280
1.832596	0.961715	0.014085	213	22	201	1418.259
-0.785398	0.864993	2.278281	207	13	28	1418.178
-1.570796	1.699788	2.452890	19	4	183	1418.157
-1.570796	2.863997	0.549740	17	30	202	1418.070
2.617994	1.909857	-0.381669	212	3	27	1417.857
1.047198	1.194549	-0.801900	7	36	212	1417.512
0.000000	1.824694	1.850876	15	208	179	1417.084
2.617994	0.640596	-2.797608	204	24	192	1416.977
0.523599	1.875281	0.107086	0	210	173	1416.731
-0.785398	2.295480	1.008277	31	208	212	1416.408
0.785398	2.396274	-1.959260	32	205	201	1416.332
-3.141593	1.554776	0.100351	189	212	201	1416.220
-0.523599	2.760637	2.781135	10	33	211	1416.162
-0.523599	2.104282	-0.813972	30	1	188	1415.714
-1.308997	2.073035	2.027405	18	25	201	1415.697
1.832596	1.756530	-2.105156	22	11	31	1414.885
-0.785398	1.448123	-2.163292	5	24	203	1414.787
1.832596	0.370812	-2.547742	28	213	196	1414.781
-1.832596	1.683268	0.374177	18	211	184	1414.631
-0.523599	1.448123	-2.163292	215	4	34	1414.338
-0.523599	0.674054	1.013609	199	13	31	1413.975
-0.523599	1.214854	-1.966664	211	1	177	1413.968
1.308997	1.982574	-1.115518	4	21	203	1413.531
-2.356194	0.591903	2.010408	31	5	6	1413.226
-1.570796	0.906588	1.252948	21	5	22	1412.771
-2.879793	0.297065	2.160177	28	214	18	1412.710
0.523599	0.850607	-1.335383	207	209	187	1412.541
-0.523599	1.413430	2.550734	183	213	213	1412.480
1.832596	0.290380	-0.796960	215	20	35	1412.463
2.879793	0.914445	2.687814	35	1	213	1412.242
2.094395	1.128190	-2.288622	11	212	183	1412.120
2.879793	2.455966	-0.641220	35	17	208	1412.096
-2.617994	0.709924	0.218797	8	38	199	1411.708
-1.832596	1.135834	-1.431087	9	36	214	1411.521
1.570796	1.569311	-3.003978	19	8	30	1411.399
1.308997	0.419640	2.974122	23	215	178	1411.391
-1.832596	2.247462	0.191623	10	30	197	1411.379
1.832596	2.063651	-2.044600	32	11	23	1411.297
0.785398	1.025536	1.576859	14	28	199	1411.286
-1.308997	2.592629	0.909713	13	32	199	1411.160
-2.094395	1.168678	2.108595	18	24	24	1411.051
-2.617994	1.050534	3.042579	210	27	210	1410.658
-1.308997	1.569311	-3.003978	19	17	16	1410.467
-2.356194	1.662363	0.915448	6	37	213	1410.059
0.000000	2.247462	0.191623	28	5	10	1408.831
-0.785398	2.299159	2.264663	3	31	202	1408.699
-2.879793	0.914445	2.687814	34	11	7	1408.682
0.523599	2.984978	1.954446	10	33	204	1408.134
2.094395	1.824694	1.850876	22	168	29	1407.702
-2.356194	1.977582	0.969896	4	38	211	1407.680
2.879793	1.045978	0.343692	0	11	182	1406.852
0.523599	0.080730	-2.622036	2	196	214	1406.421
2.356194	0.379747	-1.713059	201	10	209	1406.122
0.785398	0.591903	2.010408	13	31	209	1406.109
0.000000	0.571433	-1.188419	19	30	210	1406.086
-2.879793	0.379747	-1.713059	25	0	27	1405.759
-1.308997	1.617114	-1.572037	3	210	180	1405.580
0.261799	1.374601	-2.456031	13	4	35	1405.480
-1.047198	1.836682	-0.676006	7	6	214	1405.321
-2.094395	2.407836	1.410646	196	25	19	1405.251
-1.570796	2.115563	0.685730	19	198	190	1405.011
2.094395	2.404280	-0.174044	9	29	204	1404.754
-2.094395	2.108018	1.311430	201	19	25	1404.588
2.617994	1.977582	0.969896	20	206	25	1404.386
0.261799	0.733948	3.021411	32	3	14	1404.380
-0.785398	2.456751	-1.503343	26	13	193	1404.341
-2.879793	0.685216	-1.712745	22	10	31	1404.243
-0.523599	2.153910	-1.714959	190	214	196	1404.164
0.000000	0.864993	2.278281	212	24	207	1404.088
2.879793	0.929350	-2.910676	27	214	198	1403.948
-1.832596	1.247695	1.809890	9	24	30	1403.192
-0.785398	1.440580	2.260026	8	32	195	1403.148
-1.570796	1.218453	2.777284	22	3	23	1403.084
1.832596	0.591903	2.010408	13	197	185	1402.654
1.832596	1.325504	-1.671296	212	5	179	1402.373
2.356194	0.419640	2.974122	11	31	205	1402.109
-1.570796	2.247462	0.191623	208	215	175	1401.990
2.094395	1.872854	1.543456	38	5	196	1401.961
2.094395	0.762244	-0.273349	1	22	200	1401.944
-1.308997	2.138223	1.678323	195	1	183	1401.765
0.523599	0.899350	-2.069907	0	11	35	1401.605
1.047198	0.419640	2.974122	0	203	210	1401.602
0.000000	0.370812	-2.547742	16	20	29	1401.053
1.047198	2.760637	2.781135	12	34	207	1400.926
-2.094395	2.404280	-0.174044	12	32	209	1400.781
-1.308997	2.187132	-0.479875	3	34	199	1400.326
-1.832596	2.760637	2.781135	42	10	215	1400.280
0.785398	2.979456	-1.009304	10	29	205	1400.008
2.879793	1.510910	-0.740472	40	15	1	1399.759
-2.356194	2.379497	0.561089	18	1	172	1399.414
2.094395	0.458961	-0.107937	4	12	36	1398.444
-1.832596	2.356369	3.005869	191	215	178	1398.369
-1.047198	2.295480	1.008277	6	30	198	1398.258
-2.617994	1.391910	3.030322	0	32	204	1398.182
-1.832596	1.488617	1.159546	182	9	204	1398.116
-1.047198	1.809167	1.213774	4	27	198	1398.095
1.308997	0.929350	-2.910676	18	27	192	1397.827
0.523599	1.545873	-1.877082	214	212	32	1397.200
0.523599	1.617114	-1.572037	207	212	27	1396.931
0.261799	1.909857	-0.381669	210	33	206	1396.920
1.570796	1.510910	-0.740472	7	34	209	1396.766
-0.261799	1.413347	-1.339188	197	0	189	1396.668
0.785398	2.404280	-0.174044	197	210	175	1396.559
-1.308997	1.325504	-1.671296	213	2	178	1396.166
-2.094395	2.881233	-2.582574	213	33	19	1396.084
-2.094395	2.073035	2.027405	189	210	180	1396.006
1.047198	0.866955	-0.931351	8	35	208	1395.790
-0.261799	1.301460	-0.509251	4	215	184	1395.756
-1.570796	0.992645	-1.723759	5	30	34	1395.731
-1.308997	0.297065	2.160177	30	213	197	1395.375
-2.356194	0.910508	1.903534	25	6	15	1395.089
2.617994	2.356369	3.005869	11	20	28	1395.061
-2.879793	0.458961	-0.107937	16	192	205	1394.984
-1.047198	0.379747	-1.713059	9	23	31	1394.914
-0.261799	1.413430	2.550734	33	203	4	1394.802
1.308997	1.836682	-0.676006	12	31	208	1393.594
-2.094395	1.766067	2.153843	10	22	22	1393.536
-1.308997	1.504028	0.636812	17	209	184	1393.519
-1.570796	1.195355	1.200319	12	4	26	1392.804
-3.141593	0.370812	-2.547742	202	10	204	1392.610
0.000000	1.869911	2.701025	34	207	203	1392.341
2.617994	2.478122	2.609777	17	8	174	1392.251
-2.356194	0.080730	-2.622036	30	3	194	1391.826
-2.094395	0.762244	-0.273349	27	18	15	1391.785
-0.523599	1.413347	-1.339188	193	12	25	1391.605
-1.308997	2.041297	-2.664597	7	22	21	1391.479
2.356194	2.393226	1.857173	27	13	199	1391.466
2.356194	0.571433	-1.188419	3	25	32	1390.278
0.261799	1.506530	1.988858	23	205	188	1389.863
-3.141593	1.301460	-0.509251	37	23	213	1389.812
2.356194	1.846342	-1.796954	21	15	181	1389.421
-0.785398	2.587733	0.232235	210	12	204	1388.642
0.261799	1.824694	1.850876	30	7	11	1387.973
0.261799	1.440580	2.260026	29	201	198	1387.927
-1.308997	0.458961	-0.107937	24	23	0	1387.451
2.879793	1.374601	-2.456031	4	35	195	1387.438
0.000000	1.128190	-2.288622	4	11	37	1387.371
-2.617994	2.637879	2.121598	4	23	199	1386.969
-1.832596	2.138223	1.678323	204	25	24	1386.945
-2.356194	1.417623	-0.202254	13	29	202	1386.791
0.523599	1.555207	1.708892	23	202	185	1386.175
2.094395	0.080730	-2.622036	1	32	199	1386.158
1.570796	1.809167	1.213774	33	209	195	1386.157
-1.047198	0.992645	-1.723759	212	29	35	1385.639
0.261799	0.910508	1.903534	210	21	209	1385.445
-0.261799	2.637879	2.121598	16	27	204	1385.422
-0.523599	1.658653	-2.409879	215	22	213	1385.328
1.308997	1.872854	1.543456	2	11	27	1385.051
2.356194	0.203748	0.590255	10	32	203	1384.797
2.879793	1.574060	2.783565	22	32	188	1384.756
-0.523599	1.812176	0.656819	25	211	215	1384.670
-2.879793	0.290380	-0.796960	21	28	204	1384.339
0.523599	1.982574	-1.115518	18	28	204	1384.304
-1.047198	1.050534	3.042579	9	28	205	1383.975
-2.617994	2.041297	-2.664597	212	33	211	1383.890
-3.141593	1.025536	1.576859	24	32	212	1383.873
0.523599	1.872854	1.543456	13	209	176	1383.783
-0.785398	2.664082	-1.071402	32	7	204	1383.686
-0.523599	2.587733	0.232235	214	8	205	1383.602
-1.047198	2.407836	1.410646	14	26	196	1383.531
2.617994	1.510910	-0.740472	34	5	189	1383.467
-2.617994	2.033014	2.977192	0	23	174	1383.279
1.570796	1.574060	2.783565	38	3	201	1383.194
-2.617994	2.984978	1.954446	11	30	208	1383.174
0.261799	0.618092	2.539118	13	31	210	1383.109
-1.832596	2.164094	-2.991358	33	212	190	1382.926
-2.879793	0.496451	0.593859	3	39	201	1382.370
-2.879793	2.041297	-2.664597	0	30	211	1382.206
2.094395	0.290380	-0.796960	212	18	35	1382.089
1.308997	0.379747	-1.713059	210	23	206	1381.789
2.617994	1.214854	-1.966664	8	213	182	1381.579
-1.832596	1.367556	0.358405	197	25	25	1381.500
-0.785398	2.063651	-2.044600	212	32	15	1381.045
0.261799	2.108018	1.311430	211	206	212	1381.017
1.308997	2.174483	2.653697	33	11	3	1381.004
-2.356194	0.866395	-2.492918	34	6	5	1380.082
-0.261799	1.391910	3.030322	25	211	22	1380.059
-1.308997	1.128190	-2.288622	193	211	185	1379.987
-1.047198	1.904882	-1.478089	17	3	182	1379.962
0.523599	0.419640	2.974122	26	18	23	1379.712
-2.617994	1.247695	1.809890	10	18	31	1379.606
0.523599	2.724429	-0.348782	214	28	205	1379.369
0.261799	2.033014	2.977192	37	210	207	1379.349
-2.356194	0.850607	-1.335383	21	27	209	1379.293
0.523599	2.153910	-1.714959	27	212	184	1379.186
2.356194	1.836682	-0.676006	38	0	213	1379.095
2.617994	1.696674	-1.253233	36	12	16	1378.886
-2.879793	1.242974	-2.977882	212	15	36	1378.802
0.000000	2.637879	2.121598	13	29	201	1378.770
-1.047198	2.104282	-0.813972	215	3	9	1378.548
-0.261799	2.104282	-0.813972	30	5	198	1378.393
-0.785398	2.343981	-1.040456	29	4	185	1378.282
-0.261799	1.310100	1.488307	33	211	4	1378.214
-0.261799	2.295480	1.008277	31	214	1	1377.955
2.617994	2.379497	0.561089	20	4	16	1377.899
2.617994	1.256302	0.062705	38	15	193	1377.350
-0.261799	2.704512	1.488683	27	5	182	1377.306
0.261799	1.875281	0.107086	31	13	9	1377.205
-0.785398	0.960688	-0.577532	15	24	4	1377.043
1.570796	0.571433	-1.188419	16	18	30	1376.549
2.094395	1.545873	-1.877082	209	211	180	1376.506
-0.785398	2.588535	-2.976617	207	1	171	1375.991
-2.617994	2.295480	1.008277	196	27	20	1375.898
1.570796	1.998705	2.370472	26	1	178	1375.787
-1.570796	2.108018	1.311430	190	2	188	1375.635
-2.356194	1.168678	2.108595	21	18	24	1375.552
-1.570796	2.455966	-0.641220	7	36	202	1375.311
-2.879793	1.440580	2.260026	27	17	19	1375.309
-2.879793	1.846342	-1.796954	201	30	187	1375.160
-2.356194	1.824694	1.850876	7	35	201	1375.019
0.785398	1.599406	1.426070	209	17	27	1374.919
-1.570796	1.168678	2.108595	8	28	25	1374.704
-2.356194	0.418037	1.360082	27	208	13	1374.528
0.785398	1.982574	-1.115518	14	29	204	1374.481
0.000000	1.904882	-1.478089	192	213	19	1374.468
-0.523599	2.455966	-0.641220	34	2	194	1374.432
2.617994	1.325504	-1.671296	10	17	31	1374.236
2.879793	1.128190	-2.288622	19	3	186	1374.151
-0.785398	1.545873	-1.877082	6	30	208	1373.914
-2.879793	1.721184	-0.153948	28	27	202	1373.831
1.047198	1.168678	2.108595	33	21	9	1373.754
2.094395	2.587733	0.232235	10	26	203	1373.594
1.832596	1.050534	3.042579	215	16	34	1373.282
-1.570796	1.617114	-1.572037	4	2	178	1373.141
-0.523599	1.977582	0.969896	29	210	196	1372.654
1.570796	0.370812	-2.547742	12	32	208	1372.598
1.832596	0.866395	-2.492918	18	213	185	1372.414
0.785398	2.984978	1.954446	28	0	15	1372.284
1.570796	2.478122	2.609777	17	19	26	1372.181
-2.356194	1.869911	2.701025	211	20	202	1372.105
0.000000	1.683268	0.374177	32	2	13	1371.721
2.617994	1.904882	-1.478089	3	4	180	1371.716
-1.308997	2.153910	-1.714959	21	9	182	1370.940
-2.094395	1.256302	0.062705	2	31	198	1370.539
-2.356194	1.488617	1.159546	5	36	214	1369.872
2.879793	0.866395	-2.492918	204	13	209	1369.738
-1.832596	1.732874	-0.951685	6	29	205	1369.688
-0.785398	2.187132	-0.479875	30	212	207	1369.668
2.356194	2.108018	1.311430	31	19	211	1369.599
2.617994	2.108018	1.311430	20	31	212	1369.521
0.000000	2.295480	1.008277	22	6	178	1369.489
0.523599	0.418037	1.360082	15	183	207	1369.379
-1.308997	0.571433	-1.188419	214	27	31	1369.180
0.523599	0.700570	1.559208	39	212	201	1369.037
0.785398	2.407836	1.410646	206	6	201	1368.923
1.570796	0.379747	-1.713059	35	7	199	1368.712
-0.261799	1.569311	-3.003978	16	209	27	1367.964
1.832596	1.214854	-1.966664	34	13	2	1367.950
-2.356194	2.115563	0.685730	0	38	212	1367.273
-3.141593	1.809167	1.213774	35	207	8	1367.140
2.879793	1.736875	3.023612	7	15	31	1367.138
-0.523599	1.545873	-1.877082	204	6	31	1366.686
-0.523599	1.756530	-2.105156	0	26	208	1366.625
1.047198	1.135813	-2.658866	18	29	195	1366.598
-2.094395	1.113094	-0.272241	6	36	206	1366.489
-2.879793	2.984978	1.954446	36	0	11	1366.480
0.523599	1.168678	2.108595	202	2	0	1366.479
-1.832596	0.733948	3.021411	31	5	11	1366.154
-2.356194	1.809167	1.213774	4	38	212	1366.067
-1.047198	1.128190	-2.288622	1	16	38	1366.028
1.047198	2.863997	0.549740	212	188	10	1366.026
2.356194	2.343981	-1.040456	37	5	0	1365.423
-0.261799	1.510910	-0.740472	213	29	204	1365.148
-1.308997	2.863997	0.549740	11	32	203	1365.076
2.094395	2.153910	-1.714959	194	6	183	1364.971
-2.094395	2.704512	1.488683	4	35	198	1364.586
-0.261799	1.732874	-0.951685	214	28	205	1364.512
-1.570796	0.591903	2.010408	185	154	214	1364.009
2.879793	0.370812	-2.547742	194	13	29	1363.553
-1.570796	1.367556	0.358405	2	199	181	1363.179
1.832596	0.571433	-1.188419	12	23	32	1363.117
2.879793	2.407836	1.410646	15	32	203	1363.090
-2.617994	1.504028	0.636812	12	34	6	1362.795
0.261799	1.448123	-2.163292	2	214	34	1362.789
0.523599	1.506530	1.988858	29	208	191	1362.661
1.832596	1.696674	-1.253233	204	25	4	1362.295
1.308997	1.510910	-0.740472	36	5	7	1362.262
-2.617994	1.977582	0.969896	11	39	211	1362.229
2.356194	0.640596	-2.797608	32	10	11	1362.098
1.047198	0.685216	-1.712745	215	33	206	1362.011
1.047198	2.704512	1.488683	214	192	3	1361.440
-3.141593	1.732874	-0.951685	35	27	6	1361.245
-0.785398	0.619654	-2.216909	187	210	191	1360.892
2.094395	2.104282	-0.813972	204	12	214	1360.600
2.879793	1.135834	-1.431087	191	1	0	1360.465
-1.308997	1.545873	-1.877082	1	9	176	1360.354
-2.356194	1.599406	1.426070	5	36	207	1360.008
0.261799	2.349581	-2.702517	7	26	207	1359.650
-0.261799	1.599406	1.426070	23	18	11	1359.587
-2.617994	0.615174	-0.666022	13	27	201	1359.547
0.261799	0.914445	2.687814	192	0	22	1359.094
1.047198	0.700570	1.559208	15	29	202	1358.981
-2.879793	1.741644	-2.695914	215	28	189	1358.948
0.523599	1.134497	-1.109631	20	31	207	1358.684
-3.141593	0.864993	2.278281	32	2	7	1358.546
-2.356194	0.458961	-0.107937	33	13	8	1358.466
2.879793	1.721184	-0.153948	37	12	193	1358.291
-2.356194	2.393226	1.857173	212	21	205	1358.229
2.879793	2.104282	-0.813972	40	17	212	1358.111
-2.879793	0.674054	1.013609	21	22	24	1358.087
2.094395	2.089241	-0.114193	12	37	210	1357.873
-2.094395	2.164094	-2.991358	212	21	29	1357.809
-3.141593	2.396274	-1.959260	198	182	199	1357.599
2.094395	2.180315	-1.357379	186	4	191	1357.574
-1.047198	1.824694	1.850876	15	33	207	1357.561
1.308997	2.704512	1.488683	32	1	196	1357.483
2.879793	2.108018	1.311430	24	32	211	1357.269
0.000000	2.108018	1.311430	34	3	209	1357.221
0.785398	0.496451	0.593859	13	173	201	1357.049
2.094395	2.108018	1.311430	33	10	211	1357.035
2.356194	1.872854	1.543456	37	14	196	1356.936
2.094395	1.135813	-2.658866	17	209	187	1356.740
2.356194	0.906588	1.252948	24	18	25	1356.291
2.617994	0.619654	-2.216909	200	17	31	1355.903
-1.308997	2.404280	-0.174044	32	11	194	1355.900
0.523599	1.756530	-2.105156	9	210	30	1355.427
-2.617994	2.588535	-2.976617	8	6	176	1355.086
0.000000	0.619654	-2.216909	3	198	1	1354.880
-0.523599	1.696674	-1.253233	19	214	186	1354.833
-2.094395	2.089241	-0.114193	195	212	189	1354.526
-2.356194	0.419640	2.974122	203	2	206	1354.449
-1.570796	1.325504	-1.671296	211	3	178	1354.405
-2.094395	0.619654	-2.216909	4	26	204	1354.380
-1.308997	1.977582	0.969896	9	30	201	1354.191
0.261799	1.391910	3.030322	1	17	196	1354.023
2.094395	1.448123	-2.163292	212	27	208	1353.996
-0.785398	2.592629	0.909713	182	11	202	1353.929
0.261799	2.455966	-0.641220	29	20	206	1353.314
-0.523599	2.174483	2.653697	6	4	29	1353.176
-1.308997	2.984978	1.954446	12	30	2	1353.076
2.356194	0.458961	-0.107937	5	13	36	1352.968
0.261799	0.619654	-2.216909	19	20	197	1352.801
-2.879793	2.187132	-0.479875	207	6	184	1352.365
0.785398	1.998705	2.370472	37	4	211	1351.977
2.356194	0.866955	-0.931351	36	211	14	1351.742
0.523599	0.591903	2.010408	16	28	204	1351.650
-2.879793	0.899350	-2.069907	33	2	202	1351.515
-0.261799	0.906588	1.252948	9	191	190	1351.402
0.261799	0.709924	0.218797	30	3	4	1351.224
2.094395	1.374601	-2.456031	10	211	182	1351.219
0.785398	2.164094	-2.991358	215	9	29	1350.810
0.261799	0.831641	0.616218	3	198	185	1350.807
-0.261799	1.555207	1.708892	34	205	200	1350.750
0.261799	2.393226	1.857173	29	2	187	1350.176
-1.570796	2.063651	-2.044600	5	24	205	1350.124
-2.356194	1.741644	-2.695914	17	18	26	1350.097
-1.832596	1.836682	-0.676006	6	35	201	1350.043
-1.832596	1.872854	1.543456	211	18	28	1349.834
1.308997	2.356369	3.005869	11	34	211	1349.691
-2.094395	1.247695	1.809890	18	13	21	1349.603
0.785398	1.977582	0.969896	21	11	25	1349.547
1.570796	0.864993	2.278281	2	199	179	1349.536
-0.785398	2.138223	1.678323	11	26	196	1349.266
0.523599	1.662363	0.915448	7	18	25	1349.124
-0.261799	1.699788	2.452890	26	204	195	1348.866
0.261799	1.195355	1.200319	21	205	180	1348.860
1.308997	0.458961	-0.107937	4	9	36	1348.755
-2.617994	1.599406	1.426070	5	13	27	1348.714
-2.356194	1.736875	3.023612	31	212	193	1348.277
-1.832596	1.440580	2.260026	214	208	204	1348.042
0.523599	0.709924	0.218797	215	23	197	1347.982
-2.617994	0.864993	2.278281	24	19	23	1347.951
0.261799	2.153910	-1.714959	29	209	186	1347.708
-1.832596	0.591903	2.010408	5	180	201	1347.496
-1.832596	0.615174	-0.666022	208	13	35	1347.462
-0.261799	0.290380	-0.796960	17	31	209	1347.234
0.523599	0.615174	-0.666022	181	206	7	1346.960
0.785398	2.247462	0.191623	189	209	197	1346.701
-2.879793	1.977582	0.969896	9	46	3	1346.437
2.617994	1.683268	0.374177	29	13	183	1346.398
1.308997	0.700570	1.559208	10	32	205	1346.139
0.785398	2.579248	-2.364801	2	31	213	1346.052
-1.308997	2.299159	2.264663	23	21	205	1345.991
-0.261799	1.218453	2.777284	29	202	215	1345.958
0.000000	0.458961	-0.107937	178	211	215	1345.706
2.617994	1.194549	-0.801900	42	4	215	1344.648
2.617994	0.290380	-0.796960	3	24	203	1344.492
-2.356194	2.299159	2.264663	214	21	199	1344.299
0.000000	1.699788	2.452890	36	205	205	1343.945
-1.308997	2.063651	-2.044600	14	14	182	1343.891
-1.832596	2.299159	2.264663	189	207	181	1343.836
-1.832596	1.662363	0.915448	190	6	23	1343.746
-2.617994	0.906588	1.252948	190	14	10	1343.524
-1.832596	0.619654	-2.216909	204	10	27	1343.505
0.000000	1.599406	1.426070	35	210	194	1343.474
-1.308997	2.115563	0.685730	207	203	170	1343.437
2.879793	2.379497	0.561089	182	6	214	1343.431
-0.785398	0.831641	0.616218	210	5	29	1343.259
2.617994	1.554776	0.100351	34	10	186	1343.144
-0.523599	1.909857	-0.381669	30	209	209	1343.100
0.523599	2.704512	1.488683	8	35	200	1342.537
2.879793	1.696674	-1.253233	34	20	17	1342.476
2.617994	2.299159	2.264663	26	13	180	1342.390
-2.094395	2.455966	-0.641220	33	2	199	1342.381
0.261799	2.881233	-2.582574	10	28	0	1342.342
-2.094395	0.685216	-1.712745	205	12	28	1342.180
0.261799	1.218453	2.777284	40	2	11	1342.114
1.047198	1.135834	-1.431087	34	215	198	1341.443
0.000000	2.724429	-0.348782	32	8	214	1341.288
-0.523599	0.379747	-1.713059	4	24	31	1341.184
1.570796	0.591903	2.010408	8	194	185	1341.172
1.570796	1.736875	3.023612	30	7	182	1341.058
1.570796	1.545873	-1.877082	28	3	188	1340.963
2.617994	2.153910	-1.714959	23	32	16	1340.910
-1.308997	0.960688	-0.577532	198	207	180	1340.650
1.047198	0.203748	0.590255	7	27	207	1340.523
0.000000	2.299159	2.264663	8	31	202	1340.391
2.879793	1.683268	0.374177	6	30	198	1340.366
-1.570796	1.904882	-1.478089	16	5	181	1339.700
-1.832596	2.724429	-0.348782	9	35	205	1339.672
2.094395	2.295480	1.008277	38	7	198	1339.645
-0.785398	1.450119	-2.739050	9	27	0	1339.602
-3.141593	2.587733	0.232235	27	212	179	1339.520
0.785398	1.135834	-1.431087	16	35	204	1339.351
0.000000	1.413430	2.550734	37	205	214	1339.319
-3.141593	1.836682	-0.676006	38	25	211	1338.926
-2.094395	0.960688	-0.577532	22	200	204	1338.610
-0.523599	1.506530	1.988858	19	197	189	1338.594
1.832596	0.910508	1.903534	185	215	207	1338.424
2.617994	0.591903	2.010408	33	18	10	1338.249
2.094395	1.050534	3.042579	207	11	37	1338.139
2.617994	2.247462	0.191623	24	213	176	1337.834
-2.617994	1.699788	2.452890	214	10	29	1337.511
2.356194	2.664082	-1.071402	180	16	199	1337.048
-3.141593	1.450119	-2.739050	1	34	193	1337.008
-1.047198	0.619654	-2.216909	186	2	191	1336.805
-2.356194	1.014500	0.906702	2	193	208	1336.770
0.000000	1.242974	-2.977882	19	6	32	1336.714
-3.141593	1.242974	-2.977882	211	18	35	1336.631
0.523599	0.910508	1.903534	17	27	203	1336.270
-1.832596	2.001437	0.381215	11	31	199	1336.211
0.261799	1.128190	-2.288622	4	12	37	1336.131
1.570796	1.256302	0.062705	213	23	201	1335.939
-1.832596	0.992645	-1.723759	15	35	3	1335.921
1.832596	0.640596	-2.797608	10	31	204	1335.840
-2.356194	2.579248	-2.364801	212	1	177	1335.661
-0.523599	1.617114	-1.572037	11	214	180	1335.611
-2.879793	1.599406	1.426070	8	14	28	1334.833
-1.047198	2.979456	-1.009304	31	213	213	1334.816
0.523599	0.458961	-0.107937	30	7	2	1334.814
2.617994	2.393226	1.857173	24	20	199	1334.802
-3.141593	0.960688	-0.577532	18	6	183	1334.773
-1.308997	1.846342	-1.796954	11	8	178	1334.739
0.785398	1.606104	-0.451151	15	33	5	1334.581
0.000000	2.588535	-2.976617	9	28	210	1334.530
2.879793	0.910508	1.903534	203	16	19	1334.523
-1.047198	1.450119	-2.739050	13	26	0	1334.494
-2.356194	1.440580	2.260026	172	215	201	1334.451
-0.523599	0.640596	-2.797608	181	9	196	1334.248
-1.047198	1.135813	-2.658866	18	27	0	1334.078
-2.356194	1.998705	2.370472	212	23	203	1333.912
0.261799	2.407836	1.410646	22	11	179	1333.797
0.523599	0.866955	-0.931351	184	213	13	1333.720
-3.141593	1.050534	3.042579	212	183	214	1333.648
-1.308997	1.310100	1.488307	2	181	201	1333.619
2.617994	0.961715	0.014085	9	10	183	1333.574
2.879793	1.025536	1.576859	29	27	211	1333.465
-1.047198	2.393226	1.857173	207	6	177	1333.270
-2.356194	1.113094	-0.272241	12	30	206	1332.732
0.000000	1.662363	0.915448	24	213	179	1332.596
-2.356194	2.295480	1.008277	194	22	20	1332.330
2.094395	1.184361	0.625864	211	17	183	1332.297
0.261799	1.310100	1.488307	40	212	200	1332.122
-3.141593	1.413430	2.550734	215	7	28	1331.831
2.879793	0.961715	0.014085	8	25	33	1331.698
-0.261799	0.866395	-2.492918	185	193	192	1331.661
-0.261799	1.696674	-1.253233	213	27	208	1331.461
2.879793	2.164094	-2.991358	4	182	197	1331.292
1.570796	2.356369	3.005869	8	40	213	1330.840
1.832596	1.113094	-0.272241	214	203	179	1330.497
-0.261799	2.108018	1.311430	30	214	185	1330.373
1.570796	2.588535	-2.976617	12	36	213	1330.250
-2.617994	0.618092	2.539118	35	12	8	1330.158
0.261799	1.134796	2.434290	32	202	210	1329.838
-1.832596	0.419640	2.974122	31	214	206	1329.821
0.785398	0.864993	2.278281	209	214	193	1328.773
2.879793	0.379747	-1.713059	30	213	199	1328.599
-0.261799	0.496451	0.593859	208	15	35	1328.539
0.000000	2.164094	-2.991358	9	25	210	1328.359
2.879793	1.741644	-2.695914	33	6	190	1328.121
-1.832596	0.906588	1.252948	20	3	23	1327.732
-2.094395	1.413430	2.550734	213	24	212	1327.579
-1.570796	2.579248	-2.364801	215	30	209	1327.495
0.261799	1.214854	-1.966664	209	5	35	1327.087
0.261799	0.080730	-2.622036	6	200	207	1326.994
1.047198	2.108018	1.311430	1	37	195	1326.992
-2.879793	2.108018	1.311430	186	7	10	1326.919
-0.261799	1.977582	0.969896	33	12	213	1326.805
0.785398	0.762244	-0.273349	8	35	3	1326.730
-1.832596	0.910508	1.903534	21	19	24	1326.595
-0.785398	1.741644	-2.695914	7	25	3	1326.592
-2.617994	1.574060	2.783565	4	31	205	1326.412
-2.617994	0.619654	-2.216909	35	3	211	1326.404
1.570796	1.135834	-1.431087	19	2	31	1326.304
1.047198	2.637879	2.121598	24	17	18	1326.215
-1.570796	0.910508	1.903534	17	24	25	1326.070
1.047198	1.367556	0.358405	8	36	19	1326.057
1.832596	2.455966	-0.641220	5	8	207	1325.948
-1.570796	1.256302	0.062705	175	3	199	1325.701
2.094395	2.979456	-1.009304	4	36	198	1325.199
-2.617994	0.866395	-2.492918	0	6	37	1325.031
-2.356194	0.370812	-2.547742	33	2	203	1324.975
-3.141593	0.379747	-1.713059	34	210	16	1324.940
-1.308997	2.001437	0.381215	0	31	207	1324.938
1.047198	0.591903	2.010408	206	9	30	1324.315
0.523599	2.187132	-0.479875	26	25	213	1323.863
1.570796	1.448123	-2.163292	29	213	191	1323.625
0.261799	1.736875	3.023612	214	20	188	1323.623
-1.570796	1.721184	-0.153948	215	22	0	1323.460
-2.879793	2.404280	-0.174044	212	44	214	1323.420
1.308997	1.135834	-1.431087	210	20	214	1323.343
-0.785398	0.080730	-2.622036	14	30	203	1323.165
-3.141593	1.545873	-1.877082	207	37	193	1323.113
2.094395	1.732874	-0.951685	3	29	204	1323.102
0.000000	2.456751	-1.503343	28	205	188	1322.760
-2.356194	1.766067	2.153843	13	19	22	1322.577
-3.141593	0.591903	2.010408	199	10	23	1322.560
-1.308997	1.982574	-1.115518	14	36	214	1322.480
0.523599	0.203748	0.590255	26	1	188	1322.316
2.617994	1.433411	-1.035986	41	6	5	1322.117
0.785398	1.374601	-2.456031	21	5	30	1321.855
-1.047198	1.135834	-1.431087	7	16	202	1321.463
2.879793	1.982574	-1.115518	37	22	7	1321.102
-1.570796	2.089241	-0.114193	215	26	215	1321.084
2.094395	1.721184	-0.153948	37	213	192	1320.956
1.570796	2.760637	2.781135	26	13	20	1320.855
-1.047198	1.875281	0.107086	24	2	186	1320.673
1.308997	0.762244	-0.273349	16	3	177	1320.525
-2.879793	0.831641	0.616218	206	6	181	1320.455
-1.570796	1.135834	-1.431087	10	34	211	1320.224
2.617994	0.733948	3.021411	37	215	0	1320.004
2.617994	2.724429	-0.348782	178	0	4	1319.749
-2.356194	2.349581	-2.702517	214	9	175	1319.650
2.356194	2.164094	-2.991358	211	17	26	1319.270
-0.523599	1.846342	-1.796954	197	4	25	1319.113
-2.094395	0.418037	1.360082	21	210	27	1319.086
-1.047198	2.637879	2.121598	10	33	210	1318.992
-1.570796	1.128190	-2.288622	196	215	185	1318.816
0.000000	1.134497	-1.109631	188	10	22	1318.722
-1.308997	1.135813	-2.658866	191	213	19	1318.389
2.879793	0.203748	0.590255	5	37	207	1318.312
1.308997	1.247695	1.809890	4	33	206	1318.197
-1.047198	1.982574	-1.115518	23	214	191	1318.179
2.617994	0.910508	1.903534	31	24	209	1318.115
-2.094395	1.809167	1.213774	209	15	28	1318.077
2.879793	1.662363	0.915448	186	209	8	1318.066
0.261799	1.756530	-2.105156	8	37	211	1317.953
-0.261799	0.910508	1.903534	2	27	206	1317.512
-2.356194	1.135813	-2.658866	29	6	13	1317.294
-2.094395	2.724429	-0.348782	14	34	205	1317.176
2.356194	0.960688	-0.577532	13	4	177	1316.968
2.356194	2.251330	-2.330739	9	42	12	1316.879
1.047198	1.732874	-0.951685	8	35	210	1316.830
-3.141593	1.417623	-0.202254	30	26	189	1316.725
2.356194	2.180315	-1.357379	203	6	5	1316.582
2.879793	0.831641	0.616218	28	16	12	1316.489
0.785398	1.846342	-1.796954	34	214	192	1316.446
1.047198	1.809167	1.213774	13	11	30	1316.386
2.879793	2.863997	0.549740	215	14	202	1316.318
-0.785398	1.658653	-2.409879	204	4	34	1316.260
2.356194	2.115563	0.685730	7	7	166	1316.181
0.785398	0.910508	1.903534	199	1	211	1315.811
-1.047198	0.496451	0.593859	0	32	203	1315.689
0.000000	1.214854	-1.966664	208	8	37	1315.421
-2.356194	2.089241	-0.114193	20	33	201	1315.182
0.000000	0.618092	2.539118	176	212	3	1315.093
1.308997	1.450119	-2.739050	10	32	192	1315.018
1.308997	1.909857	-0.381669	39	1	208	1314.984
2.356194	0.619654	-2.216909	21	7	187	1314.967
-2.879793	1.135813	-2.658866	205	17	36	1314.757
2.094395	2.041297	-2.664597	208	208	185	1314.685
-0.523599	2.073035	2.027405	27	205	185	1314.345
-1.308997	1.184361	0.625864	6	38	5	1314.231
1.047198	1.310100	1.488307	11	29	199	1314.062
-3.141593	1.683268	0.374177	191	26	18	1313.729
-2.617994	2.404280	-0.174044	205	40	215	1313.641
-1.570796	1.545873	-1.877082	2	10	177	1312.996
0.261799	0.864993	2.278281	16	27	207	1312.852
1.832596	1.998705	2.370472	35	3	192	1312.741
1.047198	0.992645	-1.723759	211	29	212	1312.557
-0.261799	0.640596	-2.797608	214	142	17	1312.265
-1.570796	2.104282	-0.813972	4	35	203	1312.069
0.000000	2.404280	-0.174044	32	8	1	1312.043
-2.617994	0.080730	-2.622036	27	211	194	1311.516
0.523599	1.766067	2.153843	39	6	5	1311.294
0.261799	2.295480	1.008277	213	204	210	1311.274
-0.785398	1.014500	0.906702	201	4	26	1311.250
0.785398	2.138223	1.678323	215	207	206	1311.234
0.785398	1.128190	-2.288622	10	9	35	1310.985
2.879793	0.733948	3.021411	35	212	214	1310.973
-0.261799	1.574060	2.783565	28	199	15	1310.783
-2.617994	2.379497	0.561089	186	20	13	1310.725
2.356194	1.417623	-0.202254	36	215	190	1310.643
2.094395	2.724429	-0.348782	213	17	5	1310.635
-0.785398	1.699788	2.452890	13	32	197	1310.331
2.094395	1.506530	1.988858	203	9	188	1310.247
-2.094395	1.574060	2.783565	32	7	191	1310.054
-1.570796	1.606104	-0.451151	174	14	2	1310.019
-1.047198	2.138223	1.678323	198	4	181	1310.005
-2.356194	2.247462	0.191623	200	6	188	1309.965
-1.047198	1.545873	-1.877082	10	30	207	1309.914
2.356194	0.615174	-0.666022	3	19	200	1309.701
0.261799	0.591903	2.010408	184	21	8	1309.365
-1.832596	0.290380	-0.796960	189	212	191	1309.284
-3.141593	1.195355	1.200319	26	30	215	1309.235
-0.261799	1.736875	3.023612	22	201	22	1309.091
-2.617994	0.458961	-0.107937	32	215	206	1309.028
-2.094395	2.760637	2.781135	40	215	215	1308.717
-3.141593	1.846342	-1.796954	21	32	21	1308.207
-1.047198	2.089241	-0.114193	190	1	181	1308.112
-0.523599	1.135834	-1.431087	8	208	181	1308.079
-3.141593	0.619654	-2.216909	204	2	210	1308.057
0.785398	1.836682	-0.676006	18	30	215	1308.035
-0.785398	2.404280	-0.174044	2	36	199	1308.025
2.617994	1.662363	0.915448	209	29	29	1307.963
-3.141593	1.256302	0.062705	39	214	199	1307.938
-2.094395	1.417623	-0.202254	6	33	202	1307.902
1.570796	0.910508	1.903534	212	201	183	1307.902
-1.832596	2.587733	0.232235	14	33	202	1307.891
-2.094395	1.554776	0.100351	18	213	186	1307.875
-0.523599	2.579248	-2.364801	210	13	16	1307.736
0.523599	1.448123	-2.163292	13	212	32	1307.488
-2.094395	1.909857	-0.381669	10	32	204	1307.395
0.000000	1.658653	-2.409879	12	32	204	1307.057
2.879793	0.762244	-0.273349	38	14	213	1306.990
1.832596	1.555207	1.708892	39	0	212	1306.865
2.879793	1.417623	-0.202254	36	15	207	1306.799
0.261799	1.555207	1.708892	29	212	182	1306.766
1.570796	2.724429	-0.348782	10	24	200	1306.762
-0.261799	1.134796	2.434290	32	213	19	1306.668
-3.141593	1.658653	-2.409879	215	30	190	1306.281
-2.617994	0.700570	1.559208	10	36	213	1305.839
2.356194	2.187132	-0.479875	0	16	20	1305.820
-0.785398	0.640596	-2.797608	181	202	197	1305.805
-0.261799	1.766067	2.153843	21	208	185	1305.804
1.832596	0.685216	-1.712745	214	7	35	1305.594
2.094395	1.756530	-2.105156	27	6	185	1305.176
1.832596	1.904882	-1.478089	16	12	178	1305.151
-1.570796	1.809167	1.213774	206	9	30	1305.146
2.094395	1.809167	1.213774	40	6	204	1305.113
-1.570796	1.732874	-0.951685	212	32	210	1304.768
-1.047198	1.846342	-1.796954	9	6	179	1304.751
-1.570796	1.662363	0.915448	212	0	29	1304.686
2.617994	1.836682	-0.676006	40	4	210	1304.683
-2.094395	1.310100	1.488307	214	34	207	1304.644
0.523599	1.836682	-0.676006	22	30	0	1304.598
2.879793	2.073035	2.027405	23	28	203	1304.208
-0.785398	1.846342	-1.796954	9	7	178	1304.057
2.094395	1.256302	0.062705	36	209	205	1304.031
-0.523599	2.343981	-1.040456	30	8	196	1303.765
1.308997	1.574060	2.783565	203	23	28	1303.629
-0.785398	0.733948	3.021411	28	25	1	1303.561
2.356194	1.448123	-2.163292	213	181	24	1303.536
1.570796	0.619654	-2.216909	6	29	209	1303.535
-2.094395	0.379747	-1.713059	25	23	197	1303.523
1.308997	1.413347	-1.339188	1	24	205	1303.418
1.308997	0.640596	-2.797608	20	28	198	1303.371
-1.570796	1.982574	-1.115518	20	32	214	1303.255
0.785398	0.709924	0.218797	215	10	35	1303.128
-2.617994	1.741644	-2.695914	25	7	5	1303.063
-1.047198	0.203748	0.590255	214	32	200	1303.008
-1.047198	0.297065	2.160177	31	1	198	1303.008
-1.832596	1.506530	1.988858	33	25	194	1302.736
-1.047198	2.379497	0.561089	178	11	210	1302.673
-3.141593	1.872854	1.543456	194	9	16	1302.407
1.832596	1.128190	-2.288622	9	215	180	1301.965
0.000000	0.960688	-0.577532	6	208	189	1301.640
-1.570796	0.866395	-2.492918	197	5	23	1301.583
0.000000	0.591903	2.010408	212	25	203	1300.980
-1.570796	1.450119	-2.739050	20	20	0	1300.906
0.785398	1.247695	1.809890	37	12	2	1300.840
2.094395	1.909857	-0.381669	9	40	212	1300.792
-1.047198	1.683268	0.374177	19	215	180	1300.391
-1.308997	1.662363	0.915448	18	195	196	1300.377
2.617994	2.001437	0.381215	24	6	180	1300.264
-1.570796	2.396274	-1.959260	24	11	188	1300.164
0.523599	1.242974	-2.977882	28	12	27	1300.096
-2.356194	2.063651	-2.044600	196	9	183	1299.871
2.879793	1.846342	-1.796954	27	27	21	1299.797
-1.308997	1.824694	1.850876	22	31	208	1299.391
1.047198	1.869911	2.701025	11	32	210	1299.336
-3.141593	0.961715	0.014085	3	26	33	1299.244
2.356194	1.045978	0.343692	1	13	183	1299.005
2.094395	1.766067	2.153843	23	159	23	1298.647
-1.047198	2.073035	2.027405	2	30	201	1298.621
-2.617994	1.555207	1.708892	13	16	26	1298.195
-2.879793	1.014500	0.906702	213	36	184	1297.933
-1.570796	2.164094	-2.991358	35	5	190	1297.768
1.832596	1.824694	1.850876	33	213	190	1297.565
-3.141593	2.404280	-0.174044	33	10	197	1297.541
-1.308997	1.367556	0.358405	191	207	177	1297.437
2.094395	0.571433	-1.188419	7	24	32	1297.240
-0.523599	2.299159	2.264663	4	34	204	1297.168
-1.570796	1.433411	-1.035986	31	199	9	1297.111
0.523599	2.396274	-1.959260	194	6	17	1297.021
0.785398	2.456751	-1.503343	190	8	11	1296.985
0.785398	1.113094	-0.272241	6	36	7	1296.729
1.832596	1.413347	-1.339188	8	23	211	1296.685
-2.356194	1.194549	-0.801900	203	22	27	1296.597
0.523599	0.929350	-2.910676	11	22	34	1296.583
-2.617994	1.242974	-2.977882	212	32	205	1296.553
-0.785398	2.379497	0.561089	208	19	210	1296.441
-2.879793	1.168678	2.108595	5	25	200	1296.434
-0.523599	0.370812	-2.547742	183	3	197	1296.196
0.785398	1.506530	1.988858	30	211	190	1295.930
-2.879793	0.370812	-2.547742	202	214	210	1295.820
2.094395	1.194549	-0.801900	17	212	180	1295.694
2.356194	2.404280	-0.174044	7	12	18	1295.477
1.832596	1.413430	2.550734	39	6	197	1295.395
-1.308997	1.875281	0.107086	22	0	184	1295.160
1.832596	2.356369	3.005869	205	215	12	1295.051
1.308997	0.992645	-1.723759	5	28	214	1295.006
-3.141593	1.413347	-1.339188	29	22	23	1294.947
-0.261799	1.824694	1.850876	35	205	209	1294.799
0.523599	2.979456	-1.009304	12	5	171	1294.721
1.832596	1.875281	0.107086	24	211	177	1294.603
1.047198	1.699788	2.452890	35	15	2	1294.481
-2.356194	0.685216	-1.712745	0	20	202	1294.433
0.261799	1.872854	1.543456	26	22	12	1294.370
0.785398	2.356369	3.005869	9	8	28	1294.163
0.000000	1.545873	-1.877082	206	1	32	1294.022
1.047198	0.864993	2.278281	28	24	17	1293.995
-0.261799	1.846342	-1.796954	185	1	21	1293.872
-0.261799	0.700570	1.559208	5	23	203	1293.836
-1.832596	1.809167	1.213774	205	14	30	1293.777
2.879793	2.724429	-0.348782	179	18	211	1293.715
-2.617994	1.256302	0.062705	14	24	197	1293.705
0.523599	1.247695	1.809890	206	12	213	1293.573
-1.047198	1.658653	-2.409879	11	28	0	1293.498
1.832596	1.766067	2.153843	17	155	22	1293.134
-2.879793	2.001437	0.381215	189	25	15	1293.068
-3.141593	1.998705	2.370472	20	27	195	1293.051
0.785398	1.872854	1.543456	215	14	27	1292.978
-1.047198	1.948085	-2.363031	4	29	19	1292.820
1.308997	2.164094	-2.991358	11	34	0	1292.445
2.879793	1.256302	0.062705	35	24	193	1292.385
-2.879793	1.128190	-2.288622	33	0	211	1292.349
2.879793	0.899350	-2.069907	36	212	210	1292.287
0.523599	2.138223	1.678323	29	6	186	1292.262
-3.141593	2.115563	0.685730	183	1	211	1292.177
-1.832596	1.413347	-1.339188	7	37	211	1292.062
-2.617994	1.948085	-2.363031	201	18	181	1291.973
-1.308997	1.741644	-2.695914	15	24	5	1291.957
-1.570796	2.588535	-2.976617	41	5	206	1291.760
0.000000	0.709924	0.218797	215	8	35	1291.648
-0.785398	2.251330	-2.330739	211	24	19	1291.447
1.308997	2.456751	-1.503343	3	31	0	1291.197
2.356194	0.370812	-2.547742	29	7	17	1291.144
-2.094395	0.080730	-2.622036	9	24	209	1291.003
2.879793	0.700570	1.559208	29	24	2	1290.743
2.879793	2.247462	0.191623	15	7	26	1290.610
-0.523599	1.836682	-0.676006	29	210	192	1290.520
0.523599	2.760637	2.781135	19	30	208	1290.508
-0.261799	1.184361	0.625864	4	196	180	1290.349
-0.261799	1.904882	-1.478089	191	2	18	1289.939
-1.570796	1.014500	0.906702	13	1	28	1289.922
-0.523599	2.478122	2.609777	6	31	205	1289.807
-2.356194	1.433411	-1.035986	24	19	205	1289.739
-2.879793	0.591903	2.010408	29	214	19	1289.648
-0.785398	1.218453	2.777284	7	23	211	1289.502
-2.617994	0.733948	3.021411	211	28	215	1289.431
1.308997	1.554776	0.100351	214	24	203	1289.235
2.094395	1.433411	-1.035986	2	35	205	1289.201
1.832596	1.732874	-0.951685	6	27	205	1288.793
-2.879793	1.374601	-2.456031	210	33	196	1288.607
-1.308997	2.295480	1.008277	10	29	199	1288.531
-0.523599	1.218453	2.777284	8	24	212	1288.318
0.523599	1.696674	-1.253233	204	215	22	1288.034
2.094395	1.904882	-1.478089	197	23	9	1287.960
-0.523599	1.325504	-1.671296	201	13	32	1287.820
-0.261799	2.984978	1.954446	18	32	207	1287.693
2.617994	1.809167	1.213774	211	28	28	1287.414
2.094395	0.906588	1.252948	26	11	26	1287.275
0.000000	1.374601	-2.456031	11	1	34	1287.259
-0.523599	1.134497	-1.109631	17	205	188	1287.226
0.523599	1.904882	-1.478089	29	198	199	1287.116
-3.141593	0.929350	-2.910676	206	13	203	1287.102
-3.141593	1.696674	-1.253233	29	215	189	1286.924
-2.617994	0.674054	1.013609	17	26	24	1286.668
2.617994	1.391910	3.030322	24	32	189	1286.258
2.617994	1.195355	1.200319	27	25	19	1286.213
1.047198	2.115563	0.685730	16	14	23	1286.203
-2.879793	1.574060	2.783565	8	35	198	1286.156
-1.047198	1.184361	0.625864	2	31	206	1286.000
1.570796	1.417623	-0.202254	35	6	13	1285.829
2.879793	1.554776	0.100351	33	18	187	1285.811
2.094395	1.135834	-1.431087	215	214	214	1285.360
2.356194	1.766067	2.153843	27	165	23	1285.145
-2.879793	1.998705	2.370472	14	32	195	1285.088
1.047198	2.153910	-1.714959	0	26	211	1284.797
-1.832596	0.297065	2.160177	6	182	197	1284.700
-0.261799	1.658653	-2.409879	186	196	184	1284.639
-2.617994	0.762244	-0.273349	10	31	200	1284.385
-2.617994	1.736875	3.023612	0	32	180	1284.316
-0.523599	2.407836	1.410646	9	28	196	1284.229
0.523599	1.909857	-0.381669	202	29	206	1284.223
1.047198	1.025536	1.576859	197	211	192	1283.616
2.356194	1.214854	-1.966664	7	7	178	1283.512
-1.570796	1.846342	-1.796954	11	7	178	1283.499
-2.094395	2.115563	0.685730	198	11	21	1283.426
1.832596	2.478122	2.609777	14	22	26	1283.358
1.308997	1.218453	2.777284	31	23	15	1283.016
-1.308997	1.510910	-0.740472	2	0	214	1282.995
-2.617994	2.396274	-1.959260	24	21	16	1282.857
-2.356194	0.961715	0.014085	8	37	200	1282.840
1.570796	0.831641	0.616218	19	2	30	1282.398
2.617994	1.569311	-3.003978	34	0	195	1282.280
-3.141593	0.674054	1.013609	26	25	4	1281.929
2.879793	0.640596	-2.797608	27	5	194	1281.875
0.523599	2.108018	1.311430	213	203	211	1281.741
-2.094395	1.555207	1.708892	10	15	25	1281.429
2.094395	2.637879	2.121598	38	2	213	1281.278
2.879793	2.001437	0.381215	26	9	185	1281.195
1.832596	2.180315	-1.357379	184	209	195	1281.133
2.879793	2.041297	-2.664597	20	0	180	1281.110
0.000000	1.872854	1.543456	195	178	11	1280.709
-1.308997	2.881233	-2.582574	20	28	197	1280.529
0.785398	1.168678	2.108595	202	2	213	1280.361
-0.261799	2.396274	-1.959260	16	210	176	1280.345
-2.356194	2.187132	-0.479875	197	214	183	1280.290
2.879793	1.325504	-1.671296	209	37	199	1280.260
-2.617994	1.335669	0.897240	2	191	204	1280.035
1.570796	1.301460	-0.509251	32	6	18	1279.947
0.000000	1.696674	-1.253233	19	212	181	1279.888
-0.261799	0.961715	0.014085	205	7	32	1279.865
0.261799	1.574060	2.783565	36	0	14	1279.857
0.000000	0.866955	-0.931351	211	214	183	1279.719
1.308997	2.407836	1.410646	35	2	206	1279.708
0.261799	2.187132	-0.479875	29	19	213	1279.689
0.261799	2.247462	0.191623	31	9	8	1279.562
-0.261799	2.979456	-1.009304	215	28	207	1279.551
-2.094395	1.977582	0.969896	201	10	25	1279.431
0.523599	1.721184	-0.153948	205	29	203	1279.392
-0.523599	1.998705	2.370472	188	187	182	1279.323
1.570796	1.367556	0.358405	211	27	205	1279.228
-3.141593	1.875281	0.107086	5	42	12	1279.143
1.308997	1.433411	-1.035986	203	173	16	1279.060
-2.879793	2.174483	2.653697	11	28	196	1279.006
-2.094395	2.349581	-2.702517	213	31	210	1278.929
0.000000	1.050534	3.042579	27	8	27	1278.861
1.832596	2.138223	1.678323	30	6	18	1278.543
-0.261799	2.592629	0.909713	197	210	176	1278.485
-0.785398	0.700570	1.559208	32	209	204	1278.327
-1.832596	0.866955	-0.931351	3	34	205	1278.156
0.261799	1.025536	1.576859	41	1	211	1277.910
0.785398	2.104282	-0.813972	33	207	197	1277.645
2.879793	1.875281	0.107086	32	12	193	1277.584
-1.832596	0.762244	-0.273349	215	35	209	1277.582
0.261799	2.587733	0.232235	30	5	7	1277.577
-0.785398	1.756530	-2.105156	4	28	1	1277.273
-0.785398	2.881233	-2.582574	9	29	200	1277.139
-3.141593	1.374601	-2.456031	0	34	196	1277.031
-2.879793	2.138223	1.678323	17	37	204	1277.004
0.523599	1.440580	2.260026	33	210	198	1276.914
-1.832596	2.455966	-0.641220	34	9	198	1276.506
1.047198	1.574060	2.783565	38	15	1	1276.354
2.356194	2.247462	0.191623	9	32	210	1276.188
2.356194	2.587733	0.232235	8	28	203	1276.148
0.785398	2.664082	-1.071402	20	1	177	1276.109
2.617994	2.881233	-2.582574	30	13	15	1276.070
2.617994	1.218453	2.777284	38	214	211	1276.068
1.832596	2.393226	1.857173	27	214	182	1276.021
1.832596	0.080730	-2.622036	12	34	203	1275.953
0.000000	2.719179	-1.780644	22	0	176	1275.914
0.785398	0.961715	0.014085	11	4	33	1275.700
2.617994	0.899350	-2.069907	214	12	36	1275.699
-1.047198	1.696674	-1.253233	11	21	208	1275.612
0.000000	0.379747	-1.713059	29	23	215	1275.540
-2.617994	2.247462	0.191623	185	16	9	1275.496
-2.094395	1.904882	-1.478089	7	2	174	1275.204
-0.261799	1.433411	-1.035986	204	3	185	1275.118
-2.094395	1.335669	0.897240	11	4	23	1275.038
0.523599	1.195355	1.200319	207	23	26	1274.834
0.261799	1.413430	2.550734	34	208	204	1274.823
0.000000	1.417623	-0.202254	3	27	204	1274.740
1.570796	1.128190	-2.288622	9	32	208	1274.719
-1.832596	0.379747	-1.713059	17	29	191	1274.665
-2.617994	2.104282	-0.813972	200	213	180	1274.645
2.356194	1.433411	-1.035986	33	4	16	1274.471
1.047198	1.812176	0.656819	13	22	23	1274.378
2.356194	0.831641	0.616218	0	20	183	1274.365
-1.308997	1.732874	-0.951685	4	2	9	1274.275
-3.141593	0.910508	1.903534	21	34	209	1274.258
-1.570796	1.756530	-2.105156	178	205	5	1274.209
-1.308997	2.180315	-1.357379	18	1	177	1273.704
0.000000	0.899350	-2.069907	200	21	34	1273.703
0.261799	1.599406	1.426070	10	3	30	1273.461
0.523599	0.960688	-0.577532	12	39	2	1273.262
-1.047198	1.413347	-1.339188	9	16	204	1273.239
-1.308997	1.045978	0.343692	12	32	7	1273.238
2.094395	1.510910	-0.740472	41	208	2	1272.658
-1.308997	2.104282	-0.813972	214	31	203	1272.448
-2.356194	1.721184	-0.153948	17	36	203	1272.344
-2.356194	1.904882	-1.478089	4	1	174	1272.208
0.523599	1.413347	-1.339188	20	30	203	1272.090
-2.617994	1.135813	-2.658866	30	2	213	1272.069
0.261799	1.977582	0.969896	21	1	25	1271.711
-0.523599	1.870545	-2.976234	17	195	18	1271.702
2.879793	1.506530	1.988858	203	10	21	1271.696
-1.832596	2.108018	1.311430	198	15	26	1271.510
1.308997	0.418037	1.360082	12	28	197	1271.500
-1.047198	0.685216	-1.712745	193	203	187	1271.271
2.356194	1.504028	0.636812	204	32	25	1271.187
0.523599	0.297065	2.160177	15	28	203	1271.179
-0.785398	1.812176	0.656819	208	19	4	1271.090
2.094395	1.113094	-0.272241	2	212	177	1270.870
0.523599	0.914445	2.687814	36	215	7	1270.850
-1.832596	0.571433	-1.188419	5	36	210	1270.219
2.094395	0.674054	1.013609	16	11	32	1270.106
-0.785398	2.073035	2.027405	202	211	181	1269.965
-1.570796	1.555207	1.708892	6	25	200	1269.879
2.356194	1.875281	0.107086	32	1	193	1269.862
1.832596	1.433411	-1.035986	9	25	209	1269.365
-0.523599	1.599406	1.426070	5	202	174	1269.350
-0.523599	2.349581	-2.702517	16	191	195	1269.213
1.832596	2.724429	-0.348782	3	21	201	1269.125
2.617994	1.367556	0.358405	31	18	183	1268.363
0.000000	2.455966	-0.641220	31	15	208	1268.247
-1.308997	1.909857	-0.381669	183	5	190	1268.094
1.308997	1.506530	1.988858	2	36	22	1268.035
-2.879793	2.247462	0.191623	28	12	188	1267.417
2.356194	0.864993	2.278281	35	16	213	1267.346
-2.094395	2.979456	-1.009304	34	10	3	1267.204
0.000000	1.448123	-2.163292	0	5	36	1267.194
-3.141593	1.948085	-2.363031	214	29	183	1267.183
2.879793	1.367556	0.358405	28	24	183	1267.144
2.356194	1.662363	0.915448	214	30	28	1267.080
0.523599	1.214854	-1.966664	210	3	35	1266.949
0.261799	2.180315	-1.357379	19	26	202	1266.907
-3.141593	1.977582	0.969896	6	11	173	1266.832
2.879793	0.992645	-1.723759	194	199	0	1266.754
-2.094395	1.504028	0.636812	200	38	20	1266.723
-2.879793	0.850607	-1.335383	31	8	195	1266.686
-1.832596	1.417623	-0.202254	2	7	173	1266.214
-2.356194	2.356369	3.005869	204	22	28	1266.163
-2.617994	1.014500	0.906702	12	32	23	1266.021
-1.570796	2.073035	2.027405	23	21	201	1265.856
-2.879793	2.881233	-2.582574	36	0	205	1265.854
-2.617994	1.488617	1.159546	0	13	29	1265.779
-2.356194	2.724429	-0.348782	15	33	210	1265.727
2.356194	2.637879	2.121598	22	212	180	1265.652
-2.356194	2.587733	0.232235	6	8	27	1265.613
-2.617994	2.115563	0.685730	192	16	20	1265.429
0.261799	0.929350	-2.910676	211	25	34	1265.364
-1.047198	1.247695	1.809890	29	211	10	1265.348
-0.261799	2.349581	-2.702517	212	5	24	1265.105
2.617994	2.587733	0.232235	15	207	173	1264.829
-3.141593	0.290380	-0.796960	41	12	9	1264.743
0.000000	1.413347	-1.339188	202	2	190	1264.463
-2.356194	1.606104	-0.451151	12	6	174	1264.288
-1.308997	1.870545	-2.976234	13	16	21	1264.261
2.617994	2.174483	2.653697	39	6	209	1264.148
1.570796	0.418037	1.360082	6	6	32	1264.107
-1.570796	2.356369	3.005869	37	14	196	1263.967
0.785398	2.180315	-1.357379	9	27	201	1263.810
2.879793	0.960688	-0.577532	42	14	0	1263.703
0.000000	1.909857	-0.381669	215	33	206	1263.662
-0.523599	0.591903	2.010408	6	28	198	1263.646
0.000000	0.290380	-0.796960	180	12	21	1263.605
-3.141593	2.881233	-2.582574	202	203	175	1263.564
1.832596	1.909857	-0.381669	13	35	211	1263.516
-2.617994	0.961715	0.014085	13	28	202	1263.436
-3.141593	1.569311	-3.003978	9	33	196	1263.297
2.356194	1.721184	-0.153948	9	20	196	1263.255
1.832596	0.899350	-2.069907	12	0	183	1263.162
0.785398	1.448123	-2.163292	22	196	197	1263.092
-0.261799	0.914445	2.687814	35	203	6	1263.046
-0.523599	1.872854	1.543456	27	205	189	1262.978
1.047198	1.904882	-1.478089	186	4	2	1262.925
0.523599	1.025536	1.576859	207	20	209	1262.897
1.047198	1.506530	1.988858	202	215	202	1262.888
1.570796	1.872854	1.543456	0	10	28	1262.804
-1.308997	2.455966	-0.641220	4	35	202	1262.680
0.523599	1.256302	0.062705	200	193	184	1262.503
2.094395	0.615174	-0.666022	39	210	208	1262.460
0.785398	2.073035	2.027405	35	11	196	1262.253
-1.047198	1.391910	3.030322	9	25	211	1262.057
-2.356194	1.683268	0.374177	187	4	201	1261.916
0.261799	1.325504	-1.671296	196	213	195	1261.826
-2.356194	0.992645	-1.723759	30	17	198	1261.624
1.570796	2.664082	-1.071402	6	29	4	1261.368
-0.261799	2.379497	0.561089	12	11	173	1261.365
2.094395	0.619654	-2.216909	21	2	188	1261.349
2.879793	1.113094	-0.272241	38	17	207	1261.246
-2.356194	0.297065	2.160177	8	32	201	1260.863
1.308997	0.080730	-2.622036	27	10	14	1260.824
-2.617994	1.413430	2.550734	28	11	8	1260.456
2.094395	1.310100	1.488307	36	12	12	1260.177
1.047198	2.719179	-1.780644	7	27	5	1259.814
2.356194	1.998705	2.370472	30	13	184	1259.707
2.094395	0.709924	0.218797	13	186	207	1259.475
-2.617994	1.904882	-1.478089	1	0	174	1259.391
-1.570796	2.379497	0.561089	11	29	196	1259.383
-1.832596	1.050534	3.042579	26	4	19	1259.333
-2.094395	1.367556	0.358405	202	30	25	1259.297
-1.832596	1.977582	0.969896	188	4	193	1259.271
-2.879793	1.809167	1.213774	215	23	29	1258.937
2.879793	2.588535	-2.976617	34	212	203	1258.925
-2.094395	0.929350	-2.910676	205	154	28	1258.923
2.356194	1.301460	-0.509251	33	5	187	1258.620
-3.141593	1.506530	1.988858	184	0	192	1258.551
-2.879793	1.569311	-3.003978	3	33	197	1258.516
-2.617994	2.592629	0.909713	188	19	15	1258.259
-1.047198	2.881233	-2.582574	40	9	6	1258.258
2.617994	0.866955	-0.931351	21	2	183	1258.190
0.523599	0.290380	-0.796960	11	40	207	1258.154
-3.141593	2.187132	-0.479875	212	44	5	1258.064
2.617994	2.180315	-1.357379	30	25	11	1257.847
-1.047198	1.134497	-1.109631	9	4	208	1257.756
0.000000	1.195355	1.200319	15	202	180	1257.736
-0.523599	1.683268	0.374177	204	27	12	1257.691
2.617994	0.203748	0.590255	6	31	204	1257.523
2.094395	1.134796	2.434290	38	15	4	1257.411
-0.523599	1.824694	1.850876	21	205	181	1257.396
-3.141593	1.869911	2.701025	16	27	190	1257.070
0.785398	2.724429	-0.348782	21	211	177	1256.952
0.000000	2.478122	2.609777	20	205	14	1256.924
2.356194	1.554776	0.100351	6	26	197	1256.902
2.617994	2.104282	-0.813972	205	9	182	1256.822
-2.356194	2.041297	-2.664597	207	16	177	1256.803
-0.523599	2.393226	1.857173	14	27	198	1256.680
0.000000	1.488617	1.159546	30	208	187	1256.392
1.047198	1.195355	1.200319	37	1	189	1256.325
1.570796	1.168678	2.108595	185	2	215	1256.041
-0.261799	2.174483	2.653697	7	33	204	1256.036
-2.356194	2.138223	1.678323	195	207	175	1256.015
2.617994	1.440580	2.260026	30	22	195	1255.880
0.785398	1.662363	0.915448	7	19	25	1255.848
-0.523599	1.134796	2.434290	8	24	210	1255.600
-0.785398	1.391910	3.030322	6	27	211	1255.561
-1.047198	1.732874	-0.951685	2	8	1	1255.234
0.000000	1.574060	2.783565	35	211	11	1255.172
0.785398	1.875281	0.107086	0	209	171	1255.093
2.879793	2.343981	-1.040456	34	23	0	1254.968
-0.261799	0.709924	0.218797	215	7	35	1254.729
1.047198	0.297065	2.160177	195	11	26	1254.719
1.832596	1.135834	-1.431087	14	6	32	1254.698
-0.523599	1.440580	2.260026	23	195	199	1254.495
-2.617994	0.370812	-2.547742	31	214	200	1254.493
-0.523599	0.992645	-1.723759	214	208	179	1254.486
0.261799	2.456751	-1.503343	27	210	184	1254.469
1.308997	0.960688	-0.577532	20	13	31	1254.309
1.047198	1.554776	0.100351	19	6	22	1254.182
2.617994	0.418037	1.360082	17	17	32	1254.030
0.000000	1.440580	2.260026	211	28	204	1253.703
0.000000	0.733948	3.021411	186	6	16	1253.550
0.261799	2.138223	1.678323	208	17	202	1253.438
2.356194	2.138223	1.678323	34	11	189	1253.400
0.261799	1.699788	2.452890	41	214	205	1253.379
1.570796	2.153910	-1.714959	40	211	211	1253.345
-1.047198	2.579248	-2.364801	169	189	211	1253.049
2.094395	2.456751	-1.503343	185	12	190	1252.626
0.785398	2.760637	2.781135	12	35	208	1252.582
-0.261799	1.045978	0.343692	197	5	27	1252.408
0.261799	1.732874	-0.951685	8	209	181	1252.183
1.308997	1.367556	0.358405	208	180	200	1252.157
0.261799	0.700570	1.559208	41	215	1	1252.062
-1.832596	1.824694	1.850876	185	204	183	1251.931
-0.523599	2.637879	2.121598	1	0	178	1251.904
2.356194	2.001437	0.381215	26	0	185	1251.896
-0.523599	2.881233	-2.582574	2	5	169	1251.633
-1.832596	2.407836	1.410646	192	20	19	1251.601
-0.261799	1.325504	-1.671296	202	8	31	1251.588
-0.261799	1.025536	1.576859	32	214	8	1251.570
2.094395	1.875281	0.107086	30	213	184	1251.424
-2.356194	0.866955	-0.931351	14	28	203	1251.363
0.000000	1.135813	-2.658866	7	11	36	1251.077
-2.617994	2.724429	-0.348782	24	31	205	1250.930
-0.523599	2.664082	-1.071402	31	12	205	1250.610
1.308997	2.033014	2.977192	2	37	207	1250.475
1.047198	2.033014	2.977192	2	36	206	1250.428
-0.261799	1.367556	0.358405	197	25	15	1250.418
0.785398	1.756530	-2.105156	33	212	190	1250.372
-1.570796	1.872854	1.543456	185	1	190	1250.332
2.617994	2.760637	2.781135	36	0	203	1250.060
-3.141593	2.104282	-0.813972	16	211	180	1250.016
-2.879793	0.619654	-2.216909	32	0	201	1249.980
-1.832596	1.554776	0.100351	5	33	206	1249.582
-0.261799	0.458961	-0.107937	12	3	27	1249.300
-0.261799	0.419640	2.974122	179	15	207	1249.253
2.356194	1.488617	1.159546	31	23	14	1249.095
1.047198	1.488617	1.159546	30	2	180	1249.090
-1.832596	1.433411	-1.035986	24	192	9	1249.015
2.356194	2.033014	2.977192	203	19	25	1249.013
-1.047198	0.906588	1.252948	3	23	198	1248.880
-2.879793	0.080730	-2.622036	204	24	32	1248.762
-2.617994	2.164094	-2.991358	1	18	176	1248.667
1.047198	0.910508	1.903534	199	10	27	1248.644
-1.570796	1.599406	1.426070	214	14	32	1248.611
-2.617994	0.496451	0.593859	205	149	20	1248.531
-0.523599	2.379497	0.561089	28	8	189	1248.456
-1.047198	1.599406	1.426070	213	9	31	1248.348
-2.879793	2.719179	-1.780644	11	47	1	1248.320
0.261799	2.089241	-0.114193	33	14	2	1248.197
0.523599	0.379747	-1.713059	14	30	203	1248.074
0.261799	1.504028	0.636812	14	14	25	1247.961
1.047198	1.325504	-1.671296	29	211	192	1247.926
1.047198	1.113094	-0.272241	22	4	29	1247.842
-2.094395	1.998705	2.370472	213	12	30	1247.656
2.356194	1.948085	-2.363031	211	187	184	1247.627
2.617994	1.135834	-1.431087	206	9	0	1247.587
1.308997	1.504028	0.636812	18	28	21	1247.484
-0.523599	2.089241	-0.114193	4	7	2	1247.399
-1.570796	1.242974	-2.977882	21	17	23	1247.266
0.261799	1.367556	0.358405	20	18	19	1247.176
-0.261799	2.455966	-0.641220	32	8	208	1246.965
-2.094395	2.478122	2.609777	21	206	191	1246.891
0.523599	2.073035	2.027405	34	2	196	1246.862
1.047198	2.379497	0.561089	24	204	186	1246.699
1.832596	2.664082	-1.071402	2	23	9	1246.508
-1.047198	1.335669	0.897240	22	207	189	1246.410
-2.617994	1.554776	0.100351	21	31	198	1246.158
0.785398	0.899350	-2.069907	207	13	37	1245.989
-2.617994	1.658653	-2.409879	28	7	213	1245.899
-1.570796	0.496451	0.593859	15	32	211	1245.896
-0.785398	1.135813	-2.658866	1	20	204	1245.273
1.832596	1.256302	0.062705	37	213	194	1244.991
0.000000	2.704512	1.488683	5	31	198	1244.924
2.879793	2.187132	-0.479875	36	11	205	1244.908
-1.832596	0.618092	2.539118	190	153	7	1244.784
-0.785398	1.194549	-0.801900	18	201	192	1244.673
1.047198	1.128190	-2.288622	10	11	35	1244.414
0.261799	1.809167	1.213774	5	209	172	1244.407
-2.617994	1.872854	1.543456	203	7	174	1244.379
2.617994	1.450119	-2.739050	31	3	188	1243.801
-0.261799	0.618092	2.539118	4	29	201	1243.484
2.094395	1.599406	1.426070	40	6	206	1243.469
-2.617994	2.187132	-0.479875	22	33	209	1243.287
0.000000	1.325504	-1.671296	204	4	31	1243.198
-2.356194	0.615174	-0.666022	6	25	202	1243.119
-3.141593	0.419640	2.974122	36	5	215	1242.976
-1.570796	1.998705	2.370472	7	14	201	1242.974
-1.570796	1.812176	0.656819	209	7	24	1242.816
1.308997	1.812176	0.656819	209	26	182	1242.520
2.094395	2.247462	0.191623	18	210	176	1242.439
0.523599	1.809167	1.213774	208	15	2	1242.248
1.047198	1.836682	-0.676006	15	30	210	1242.086
2.356194	2.299159	2.264663	27	7	181	1241.981
0.523599	1.194549	-0.801900	18	32	215	1241.801
0.261799	1.050534	3.042579	27	11	27	1241.779
-1.308997	1.374601	-2.456031	17	29	211	1241.770
1.047198	1.450119	-2.739050	13	27	193	1241.746
1.832596	0.960688	-0.577532	22	16	27	1241.599
0.000000	2.104282	-0.813972	210	30	211	1241.592
-2.094395	1.325504	-1.671296	18	32	4	1241.589
-3.141593	2.001437	0.381215	10	172	193	1241.547
1.832596	2.174483	2.653697	22	4	176	1241.514
-2.356194	1.413347	-1.339188	24	22	212	1241.419
0.523599	1.870545	-2.976234	37	1	204	1241.272
-0.523599	2.063651	-2.044600	10	182	203	1241.052
-2.617994	1.766067	2.153843	201	10	26	1241.022
-0.785398	2.089241	-0.114193	186	211	181	1240.618
2.356194	1.756530	-2.105156	28	12	187	1240.607
2.094395	0.203748	0.590255	16	29	203	1240.508
-3.141593	0.080730	-2.622036	204	143	14	1240.484
2.617994	1.488617	1.159546	214	187	196	1240.214
-1.832596	2.456751	-1.503343	24	213	182	1240.205
-1.570796	1.736875	3.023612	16	209	180	1240.058
-1.047198	1.195355	1.200319	172	203	214	1239.918
2.617994	1.846342	-1.796954	31	24	22	1239.903
-2.094395	1.135813	-2.658866	32	10	8	1239.839
-2.879793	1.617114	-1.572037	4	28	206	1239.547
2.094395	2.863997	0.549740	31	3	21	1239.432
-2.094395	2.295480	1.008277	215	36	205	1239.363
-0.523599	1.391910	3.030322	5	25	213	1239.257
2.094395	1.367556	0.358405	199	2	180	1238.929
1.570796	1.325504	-1.671296	32	7	192	1238.889
-0.785398	2.760637	2.781135	12	23	210	1238.840
2.617994	2.637879	2.121598	24	6	179	1238.836
0.523599	1.599406	1.426070	9	6	30	1238.823
-1.047198	0.961715	0.014085	11	28	3	1238.785
0.000000	2.396274	-1.959260	21	211	178	1238.705
-1.308997	2.108018	1.311430	197	10	26	1238.583
-3.141593	2.089241	-0.114193	32	14	196	1238.098
-2.879793	1.325504	-1.671296	186	187	4	1238.083
0.261799	2.719179	-1.780644	13	33	208	1238.033
-0.523599	1.732874	-0.951685	179	14	9	1237.865
-1.308997	1.699788	2.452890	197	35	17	1237.775
1.047198	2.356369	3.005869	39	4	212	1237.687
0.523599	0.762244	-0.273349	9	35	3	1237.538
2.094395	2.393226	1.857173	30	0	186	1237.382
0.785398	1.948085	-2.363031	28	213	184	1237.270
-2.879793	1.025536	1.576859	19	36	213	1237.233
0.000000	2.180315	-1.357379	8	209	176	1237.079
0.785398	1.488617	1.159546	200	4	4	1237.038
-1.047198	1.488617	1.159546	212	8	32	1237.012
2.094395	1.606104	-0.451151	36	209	194	1236.938
1.308997	1.135813	-2.658866	14	32	196	1236.651
-1.570796	0.831641	0.616218	206	186	184	1236.625
-0.261799	1.168678	2.108595	206	8	28	1236.440
-2.094395	0.961715	0.014085	3	15	27	1236.427
-1.832596	2.174483	2.653697	203	13	28	1236.393
2.356194	0.418037	1.360082	33	1	197	1236.213
1.047198	2.187132	-0.479875	18	28	211	1236.004
0.785398	1.310100	1.488307	201	6	214	1235.897
-0.785398	1.128190	-2.288622	3	21	200	1235.882
0.523599	1.391910	3.030322	7	177	192	1235.872
1.570796	0.899350	-2.069907	25	21	22	1235.785
-1.308997	0.591903	2.010408	186	22	22	1235.675
-3.141593	1.128190	-2.288622	191	214	201	1235.637
1.308997	1.391910	3.030322	195	18	25	1235.595
-1.832596	1.504028	0.636812	12	209	184	1235.528
1.047198	0.762244	-0.273349	209	18	194	1235.349
-1.308997	1.391910	3.030322	13	17	214	1235.347
-2.356194	1.218453	2.777284	208	24	211	1235.292
-0.261799	2.180315	-1.357379	0	27	213	1235.153
2.356194	1.014500	0.906702	35	11	10	1235.109
-1.832596	1.846342	-1.796954	8	3	178	1235.046
-2.879793	1.134796	2.434290	0	24	200	1234.749
2.879793	2.404280	-0.174044	34	6	198	1234.673
2.356194	1.184361	0.625864	208	15	183	1234.669
-2.356194	2.637879	2.121598	1	21	198	1234.647
-2.094395	0.496451	0.593859	206	23	33	1234.620
-1.308997	0.379747	-1.713059	183	195	197	1234.440
1.832596	2.984978	1.954446	37	1	214	1234.410
1.832596	1.812176	0.656819	16	5	170	1234.377
-0.785398	0.992645	-1.723759	207	25	35	1234.353
-2.356194	0.619654	-2.216909	34	8	206	1234.230
-2.094395	1.948085	-2.363031	200	8	181	1233.939
0.261799	2.404280	-0.174044	31	12	2	1233.921
-0.785398	0.866395	-2.492918	9	13	37	1233.898
1.308997	2.664082	-1.071402	5	26	3	1233.852
2.617994	1.606104	-0.451151	26	6	180	1233.766
0.523599	2.299159	2.264663	40	1	215	1233.751
0.261799	1.869911	2.701025	208	29	191	1233.744
1.570796	2.033014	2.977192	22	5	176	1233.603
-0.261799	2.251330	-2.330739	16	207	180	1233.580
-3.141593	2.979456	-1.009304	19	34	210	1233.570
2.617994	0.914445	2.687814	18	32	200	1233.430
2.617994	0.674054	1.013609	15	17	32	1233.314
2.094395	1.014500	0.906702	25	11	26	1233.271
-2.094395	0.458961	-0.107937	184	2	189	1233.143
-0.523599	0.496451	0.593859	207	19	35	1233.125
2.356194	1.413430	2.550734	184	13	12	1232.640
-1.308997	2.724429	-0.348782	206	15	212	1232.502
-1.047198	2.478122	2.609777	198	4	25	1232.471
-0.785398	0.419640	2.974122	29	24	207	1232.218
-0.261799	0.992645	-1.723759	200	19	35	1232.161
0.523599	2.356369	3.005869	10	3	28	1232.020
-1.570796	2.478122	2.609777	207	8	27	1231.983
-2.356194	0.709924	0.218797	1	38	200	1231.731
2.094395	2.174483	2.653697	20	6	176	1231.357
0.261799	0.866955	-0.931351	214	208	186	1231.177
0.785398	0.418037	1.360082	21	25	192	1231.010
2.879793	2.587733	0.232235	18	16	23	1231.001
2.094395	1.846342	-1.796954	32	11	23	1230.939
0.000000	1.982574	-1.115518	213	26	208	1230.804
-1.308997	2.407836	1.410646	203	6	180	1230.471
-1.047198	2.356369	3.005869	197	2	174	1230.412
1.308997	0.674054	1.013609	13	185	199	1230.164
0.000000	1.168678	2.108595	37	209	199	1230.132
0.000000	1.756530	-2.105156	214	211	29	1230.076
0.000000	2.587733	0.232235	192	197	27	1230.060
1.047198	1.218453	2.777284	35	18	10	1229.935
2.617994	1.721184	-0.153948	37	10	203	1229.791
0.261799	1.450119	-2.739050	29	212	17	1229.779
0.785398	1.440580	2.260026	35	2	197	1229.695
2.094395	1.242974	-2.977882	8	10	34	1229.455
-1.570796	0.080730	-2.622036	28	19	198	1229.334
0.261799	2.979456	-1.009304	10	0	171	1229.228
1.308997	1.766067	2.153843	204	204	208	1229.220
2.356194	1.809167	1.213774	40	15	205	1229.141
0.785398	1.335669	0.897240	1	26	25	1229.082
-1.570796	0.640596	-2.797608	3	28	209	1229.070
0.000000	1.134796	2.434290	202	215	26	1229.000
1.047198	0.571433	-1.188419	7	29	206	1228.750
-2.094395	0.866395	-2.492918	33	14	5	1228.530
0.000000	1.809167	1.213774	31	215	186	1228.522
-2.879793	2.456751	-1.503343	205	17	21	1228.482
1.570796	2.187132	-0.479875	181	203	194	1228.420
0.785398	1.214854	-1.966664	192	215	195	1228.153
-2.356194	1.391910	3.030322	210	27	206	1228.112
-2.617994	1.909857	-0.381669	23	33	208	1227.402
1.832596	1.554776	0.100351	208	4	29	1227.396
-2.617994	0.685216	-1.712745	5	28	209	1227.257
1.308997	1.977582	0.969896	20	21	26	1226.960
1.308997	0.866395	-2.492918	3	21	36	1226.945
0.523599	1.374601	-2.456031	13	6	35	1226.912
1.832596	2.760637	2.781135	24	15	20	1226.845
-1.570796	2.187132	-0.479875	4	34	199	1226.834
1.832596	0.929350	-2.910676	192	215	21	1226.784
0.261799	1.721184	-0.153948	213	32	204	1226.714
-1.308997	0.906588	1.252948	1	20	196	1226.324
1.570796	0.290380	-0.796960	1	139	12	1226.244
-0.261799	2.587733	0.232235	214	193	4	1226.164
1.570796	0.419640	2.974122	24	13	26	1225.983
0.785398	1.699788	2.452890	6	20	198	1225.817
2.879793	1.247695	1.809890	200	8	20	1225.712
-2.879793	1.184361	0.625864	20	29	12	1225.432
0.261799	2.478122	2.609777	25	211	14	1225.413
2.617994	2.455966	-0.641220	40	214	201	1225.385
-0.785398	0.762244	-0.273349	12	29	0	1225.268
-1.832596	2.033014	2.977192	41	6	194	1225.147
0.261799	0.674054	1.013609	176	1	199	1225.131
-1.832596	1.736875	3.023612	6	14	31	1225.077
1.832596	1.417623	-0.202254	30	210	186	1225.035
-0.261799	1.721184	-0.153948	27	204	196	1225.025
-1.832596	2.379497	0.561089	199	0	184	1224.949
2.356194	2.379497	0.561089	15	33	207	1224.711
1.047198	1.824694	1.850876	0	8	30	1224.584
2.879793	2.115563	0.685730	18	4	179	1224.462
2.094395	1.836682	-0.676006	4	30	206	1224.396
-1.308997	1.766067	2.153843	210	4	30	1224.353
-1.832596	0.700570	1.559208	3	26	203	1224.255
-2.094395	1.824694	1.850876	185	201	183	1224.152
-0.785398	0.914445	2.687814	9	22	206	1223.893
-1.570796	0.961715	0.014085	203	1	176	1223.871
2.356194	1.824694	1.850876	35	15	191	1223.849
-0.523599	2.295480	1.008277	33	0	213	1223.779
-1.832596	2.295480	1.008277	196	16	22	1223.740
-1.570796	1.510910	-0.740472	211	30	211	1223.688
0.785398	2.863997	0.549740	212	187	8	1223.661
-0.523599	0.685216	-1.712745	182	181	212	1223.453
-1.308997	0.418037	1.360082	31	8	213	1223.412
-1.047198	2.456751	-1.503343	27	9	192	1223.293
1.308997	1.696674	-1.253233	4	23	204	1223.168
-1.570796	2.251330	-2.330739	2	27	209	1223.167
2.356194	0.910508	1.903534	31	19	18	1223.130
-1.570796	1.909857	-0.381669	210	17	2	1223.010
1.832596	1.506530	1.988858	39	1	210	1222.974
0.000000	0.831641	0.616218	211	4	31	1222.896
1.047198	1.247695	1.809890	211	5	31	1222.770
-1.570796	2.153910	-1.714959	18	1	183	1222.544
-2.617994	1.135834	-1.431087	27	19	212	1222.405
-1.308997	1.417623	-0.202254	213	23	0	1222.367
-2.879793	2.979456	-1.009304	13	36	210	1222.352
-1.570796	0.418037	1.360082	211	21	201	1222.275
-1.570796	1.413347	-1.339188	214	32	214	1222.219
-0.523599	1.050534	3.042579	7	25	210	1221.944
1.570796	1.134497	-1.109631	31	17	18	1221.942
-2.356194	2.704512	1.488683	7	34	198	1221.770
2.356194	1.812176	0.656819	20	8	176	1221.728
-2.094395	2.356369	3.005869	37	2	214	1221.607
-0.523599	0.864993	2.278281	209	8	28	1221.576
-1.570796	1.134497	-1.109631	5	34	206	1221.477
-1.047198	1.433411	-1.035986	37	214	212	1221.457
-2.617994	1.214854	-1.966664	200	199	180	1221.168
-2.879793	2.379497	0.561089	20	215	181	1221.103
-1.047198	1.998705	2.370472	21	33	205	1220.908
2.879793	1.617114	-1.572037	25	21	27	1220.885
-1.570796	1.875281	0.107086	0	33	206	1220.715
2.356194	1.325504	-1.671296	2	24	205	1220.504
0.261799	1.545873	-1.877082	209	215	32	1220.428
0.261799	1.135834	-1.431087	193	202	190	1220.425
1.047198	0.379747	-1.713059	3	32	204	1220.227
-2.879793	1.194549	-0.801900	209	0	185	1220.163
-2.094395	1.134796	2.434290	215	5	176	1219.877
1.047198	1.510910	-0.740472	9	35	214	1219.867
0.000000	0.080730	-2.622036	35	3	212	1219.755
2.617994	2.089241	-0.114193	34	6	196	1219.699
-1.308997	1.756530	-2.105156	191	19	30	1219.595
0.523599	2.001437	0.381215	26	17	16	1219.542
-1.570796	1.194549	-0.801900	178	9	1	1219.525
-1.308997	1.413430	2.550734	17	8	27	1219.460
-0.523599	0.914445	2.687814	0	26	205	1219.391
-0.785398	1.134497	-1.109631	182	24	21	1219.082
1.308997	1.683268	0.374177	203	180	199	1219.072
-1.047198	2.247462	0.191623	178	210	194	1219.047
1.570796	1.554776	0.100351	38	2	4	1218.997
1.570796	0.618092	2.539118	15	207	177	1218.907
2.879793	1.050534	3.042579	207	181	214	1218.900
1.570796	0.866955	-0.931351	23	15	27	1218.845
-2.356194	0.929350	-2.910676	202	5	34	1218.645
-1.832596	0.674054	1.013609	21	210	16	1218.612
-1.308997	0.419640	2.974122	25	215	28	1218.556
2.094395	1.025536	1.576859	32	11	19	1218.510
0.523599	1.413430	2.550734	36	212	205	1218.407
0.785398	2.349581	-2.702517	213	3	26	1218.313
-2.617994	1.184361	0.625864	6	33	24	1218.304
-0.785398	0.290380	-0.796960	26	26	3	1218.175
1.047198	1.599406	1.426070	211	17	28	1217.984
2.094395	2.187132	-0.479875	0	14	21	1217.734
1.832596	1.247695	1.809890	38	1	5	1217.680
-1.570796	0.700570	1.559208	211	17	200	1217.646
-0.261799	0.899350	-2.069907	214	19	37	1217.608
1.047198	2.343981	-1.040456	28	205	4	1217.608
-1.308997	0.619654	-2.216909	21	29	207	1217.565
-0.523599	2.456751	-1.503343	1	205	175	1217.422
-1.308997	0.866395	-2.492918	25	28	4	1217.367
1.570796	2.637879	2.121598	2	209	171	1216.892
1.832596	1.809167	1.213774	39	211	204	1216.848
2.617994	0.831641	0.616218	214	20	182	1216.803
0.785398	0.080730	-2.622036	12	12	33	1216.731
2.879793	1.014500	0.906702	5	183	206	1216.552
-2.879793	2.407836	1.410646	212	2	171	1216.475
2.094395	0.992645	-1.723759	206	17	201	1216.377
-2.617994	0.866955	-0.931351	20	21	201	1216.291
2.879793	0.080730	-2.622036	3	37	202	1216.108
0.261799	1.569311	-3.003978	26	196	28	1216.087
0.785398	0.370812	-2.547742	28	20	204	1216.027
0.261799	1.135813	-2.658866	204	17	34	1215.985
-0.523599	1.450119	-2.739050	18	206	19	1215.887
1.047198	1.504028	0.636812	21	24	21	1215.883
0.785398	0.700570	1.559208	187	20	14	1215.696
2.617994	1.617114	-1.572037	28	14	27	1215.695
-2.094395	1.488617	1.159546	214	11	32	1215.676
-1.832596	2.396274	-1.959260	25	9	184	1215.656
-2.617994	1.128190	-2.288622	207	201	177	1215.607
-0.261799	0.615174	-0.666022	6	32	211	1215.111
0.785398	1.545873	-1.877082	215	0	33	1214.755
-1.047198	1.214854	-1.966664	205	8	177	1214.734
1.308997	1.869911	2.701025	7	34	211	1214.703
0.523599	2.478122	2.609777	14	29	206	1214.552
1.570796	0.850607	-1.335383	25	18	24	1214.417
-1.308997	1.606104	-0.451151	214	18	4	1214.226
-1.570796	1.506530	1.988858	207	214	177	1214.219
-0.785398	1.824694	1.850876	192	210	184	1213.968
2.356194	1.242974	-2.977882	36	8	2	1213.943
0.261799	1.413347	-1.339188	191	0	23	1213.847
2.094395	1.325504	-1.671296	213	6	178	1213.728
2.617994	1.870545	-2.976234	205	44	21	1213.523
-0.523599	1.569311	-3.003978	22	201	21	1213.513
1.308997	0.866955	-0.931351	3	36	208	1213.430
-3.141593	2.664082	-1.071402	197	37	204	1213.235
1.570796	1.310100	1.488307	213	30	199	1213.184
0.785398	0.458961	-0.107937	3	36	2	1212.992
-1.570796	1.113094	-0.272241	183	12	21	1212.798
-1.832596	1.045978	0.343692	207	22	31	1212.790
1.570796	2.089241	-0.114193	38	4	200	1212.778
-1.047198	2.455966	-0.641220	209	5	7	1212.431
0.523599	1.310100	1.488307	207	19	214	1212.312
1.308997	1.998705	2.370472	8	39	209	1212.277
-0.261799	1.194549	-0.801900	214	7	180	1212.085
-3.141593	2.164094	-2.991358	2	31	210	1211.867
1.832596	2.033014	2.977192	23	10	176	1211.781
-1.570796	1.417623	-0.202254	2	22	1	1211.701
-2.094395	0.674054	1.013609	18	208	20	1211.238
-3.141593	0.496451	0.593859	208	16	184	1211.129
0.000000	1.391910	3.030322	31	215	22	1210.809
1.570796	1.982574	-1.115518	189	207	191	1210.649
1.308997	1.732874	-0.951685	38	6	213	1210.614
-0.261799	0.418037	1.360082	34	210	204	1210.503
-1.570796	0.571433	-1.188419	1	29	31	1210.418
0.261799	1.606104	-0.451151	211	30	203	1210.386
-1.047198	2.115563	0.685730	28	207	201	1210.361
-3.141593	1.617114	-1.572037	10	29	205	1210.341
-1.047198	2.001437	0.381215	212	24	212	1210.090
-0.261799	0.379747	-1.713059	195	38	25	1209.993
0.000000	1.977582	0.969896	33	6	201	1209.958
-2.879793	0.571433	-1.188419	37	11	16	1209.891
-1.570796	0.709924	0.218797	196	210	181	1209.805
-0.261799	2.063651	-2.044600	200	22	18	1209.765
-2.356194	0.674054	1.013609	1	191	204	1209.742
-1.047198	2.588535	-2.976617	205	3	171	1209.144
-2.879793	1.699788	2.452890	13	35	199	1209.052
-1.832596	2.104282	-0.813972	7	28	206	1208.905
-1.570796	2.349581	-2.702517	215	214	174	1208.885
2.617994	0.960688	-0.577532	16	4	179	1208.853
2.356194	1.699788	2.452890	22	3	19	1208.852
2.617994	1.168678	2.108595	29	29	197	1208.704
-0.785398	1.504028	0.636812	208	31	5	1208.572
-2.879793	1.450119	-2.739050	19	10	26	1208.534
-1.832596	1.766067	2.153843	21	8	182	1208.408
-2.617994	1.374601	-2.456031	5	20	35	1208.331
1.832596	0.619654	-2.216909	205	32	198	1208.209
-2.094395	1.606104	-0.451151	20	6	182	1208.146
2.879793	1.998705	2.370472	0	14	25	1208.135
0.523599	1.569311	-3.003978	12	30	209	1208.086
-1.832596	1.134796	2.434290	215	1	177	1207.744
2.094395	1.301460	-0.509251	38	209	201	1207.616
-2.879793	2.089241	-0.114193	29	22	200	1207.492
-3.141593	1.214854	-1.966664	27	215	196	1207.460
-0.261799	2.033014	2.977192	10	23	205	1207.304
1.570796	1.766067	2.153843	201	3	33	1207.265
2.094395	2.251330	-2.330739	204	211	182	1207.244
2.617994	0.700570	1.559208	213	42	195	1207.235
-2.617994	1.195355	1.200319	184	212	11	1207.147
2.356194	1.569311	-3.003978	37	6	212	1207.038
1.832596	0.864993	2.278281	35	8	15	1206.864
-1.308997	2.587733	0.232235	4	32	200	1206.730
2.094395	0.496451	0.593859	8	11	35	1206.679
1.308997	1.310100	1.488307	19	9	26	1206.635
0.785398	1.812176	0.656819	15	20	22	1206.563
-1.570796	1.504028	0.636812	12	205	184	1206.550
-0.261799	1.504028	0.636812	21	211	179	1206.264
0.785398	2.063651	-2.044600	28	1	182	1206.188
-0.785398	0.709924	0.218797	2	32	211	1206.145
-1.570796	1.683268	0.374177	10	198	184	1206.056
2.356194	2.478122	2.609777	7	27	26	1205.467
0.785398	2.592629	0.909713	32	214	195	1205.278
0.261799	1.617114	-1.572037	199	215	26	1205.231
-2.356194	2.456751	-1.503343	24	25	11	1205.014
2.094395	0.379747	-1.713059	200	11	210	1204.811
-2.094395	1.741644	-2.695914	13	22	27	1204.710
0.261799	2.073035	2.027405	190	197	190	1204.618
0.000000	1.113094	-0.272241	214	206	178	1204.582
0.000000	1.721184	-0.153948	33	6	2	1204.516
-0.523599	0.866395	-2.492918	184	196	193	1204.370
1.832596	1.218453	2.777284	40	12	213	1204.370
1.308997	1.242974	-2.977882	37	4	195	1204.370
2.879793	2.089241	-0.114193	32	4	195	1204.161
0.000000	2.379497	0.561089	188	203	181	1204.066
0.000000	1.617114	-1.572037	194	5	26	1203.984
-1.832596	0.080730	-2.622036	5	29	207	1203.922
-2.094395	1.732874	-0.951685	25	16	184	1203.747
-2.879793	0.960688	-0.577532	203	26	32	1203.524
-3.141593	2.041297	-2.664597	6	30	211	1203.406
1.570796	2.104282	-0.813972	9	19	204	1203.228
-0.785398	2.979456	-1.009304	34	5	208	1203.142
1.047198	2.587733	0.232235	215	28	207	1203.016
2.879793	1.977582	0.969896	25	38	3	1202.811
0.000000	2.592629	0.909713	204	11	207	1202.740
1.832596	0.618092	2.539118	18	210	178	1202.686
-2.094395	2.637879	2.121598	211	18	204	1202.678
2.356194	1.510910	-0.740472	34	3	12	1202.675
-0.261799	2.153910	-1.714959	2	210	175	1202.659
-2.356194	0.831641	0.616218	12	23	18	1202.646
0.261799	1.683268	0.374177	21	12	19	1202.509
0.785398	1.683268	0.374177	18	27	19	1202.385
2.094395	0.418037	1.360082	6	37	204	1201.838
-1.047198	1.555207	1.708892	207	206	42	1201.838
-2.094395	0.866955	-0.931351	9	33	205	1201.786
2.094395	0.618092	2.539118	35	11	14	1201.718
-1.308997	1.948085	-2.363031	6	22	182	1201.389
-1.047198	2.153910	-1.714959	19	10	185	1201.225
0.000000	1.510910	-0.740472	0	27	204	1201.045
-2.617994	1.870545	-2.976234	194	0	181	1201.038
0.000000	2.063651	-2.044600	21	207	181	1200.743
-0.523599	0.571433	-1.188419	19	17	209	1200.650
2.094395	1.417623	-0.202254	40	213	199	1200.582
-1.832596	2.343981	-1.040456	174	193	195	1200.564
-2.617994	0.992645	-1.723759	33	9	205	1200.329
1.832596	0.496451	0.593859	42	10	204	1200.152
2.617994	1.948085	-2.363031	33	3	213	1200.045
-0.785398	1.766067	2.153843	10	34	202	1199.825
-1.308997	1.256302	0.062705	197	10	29	1199.769
-2.356194	1.242974	-2.977882	194	11	32	1199.620
2.617994	1.413347	-1.339188	27	14	25	1199.445
0.785398	1.904882	-1.478089	10	30	203	1199.285
1.570796	2.108018	1.311430	22	15	25	1199.271
0.523599	0.618092	2.539118	8	32	211	1199.246
1.047198	1.374601	-2.456031	38	215	214	1199.237
1.308997	1.025536	1.576859	4	31	200	1199.136
0.785398	2.379497	0.561089	26	12	15	1199.127
-2.617994	1.846342	-1.796954	31	13	9	1199.078
2.617994	2.407836	1.410646	29	21	202	1198.817
-0.523599	1.184361	0.625864	28	215	188	1198.786
1.832596	1.134497	-1.109631	17	8	31	1198.768
-1.832596	1.310100	1.488307	178	11	208	1198.753
-0.523599	2.404280	-0.174044	33	212	213	1198.593
-1.570796	2.174483	2.653697	210	11	30	1198.510
-0.523599	1.135813	-2.658866	8	6	36	1198.505
-2.617994	1.506530	1.988858	19	11	22	1198.461
0.785398	0.571433	-1.188419	27	5	20	1198.213
-1.047198	1.506530	1.988858	204	214	38	1197.957
-0.523599	1.662363	0.915448	27	8	215	1197.855
